[ 23%] Built target mkldnn
[ 24%] Built target simple-net-cpp
[ 25%] Built target simple-training-net-c
[ 26%] Built target simple-training-net-cpp
[ 27%] Built target simple-net-c
[ 28%] Built target test_c_symbols-c
[ 29%] Built target api-c
[ 30%] Built target api-io-c
[ 31%] Built target mkldnn_gtest
[ 32%] Built target test_convolution_backward_data_f32
[ 35%] Built target test_convolution_relu_forward_s16s16s32
[ 36%] Built target test_convolution_relu_forward_f32
[ 38%] Built target test_convolution_forward_u8s8s32
[ 39%] Built target test_convolution_forward_s16s16s32
[ 41%] Built target test_convolution_forward_f32
[ 43%] Built target test_reorder
[ 44%] Built target test_sum
[ 45%] Built target test_pooling_backward
[ 46%] Built target test_convolution_format_any
[ 48%] Built target test_iface_pd_iter
[ 51%] Built target test_convolution_backward_weights
[ 53%] Built target test_lrn_backward
[ 55%] Built target test_convolution_forward_u8s8fp
[ 57%] Built target test_concat
[ 59%] Built target test_lrn_forward
[ 61%] Built target test_softmax_forward
[ 62%] Built target test_relu
[ 64%] Built target test_inner_product_backward_weights
[ 67%] Built target test_iface_attr
[ 69%] Built target test_pooling_forward
[ 71%] Built target test_batch_normalization
[ 73%] Built target test_convolution_backward_data_s16s16s32
[ 74%] Built target test_eltwise
[ 75%] Built target test_inner_product_forward
[ 76%] Built target test_inner_product_backward_data
[100%] Built target benchdnn
THREADS  : 
cmd      :  C_PROGINF=DETAIL /usr/bin/time -v  ./benchdnn --mode=PT --dir=BWD_WB g1mb8ic3ih227oc96oh55kh11sh4ph0n"mini:conv1" 
/local/kruus/sx/sx-dnn/build/tests/benchdnn
total 424
-rwxrwxr-x 1 kruus ML 360216 Jan  3 08:16 benchdnn
drwxrwxr-x 7 kruus ML   4096 Jan  3 08:13 CMakeFiles
-rw-rw-r-- 1 kruus ML   1019 Jan  3 08:13 cmake_install.cmake
-rw-rw-r-- 1 kruus ML    293 Jan  3 08:13 CTestTestfile.cmake
drwxrwxr-x 3 kruus ML   4096 Jan  3 08:13 inputs
-rw-rw-r-- 1 kruus ML  55199 Jan  3 08:13 Makefile
 /local/kruus/sx/sx-dnn/build/tests/benchdnn inputs:
COLUMN ... column -t
bnorm                       conv_alexnet                conv_all                 conv_dilated
conv_googlenet_v1           conv_googlenet_v2           conv_googlenet_v3        conv_regression_dilate
conv_regression_general     conv_regression_group       conv_regression_padding  conv_regression_small_spatial
conv_regression_stride      conv_resnet_50              conv_resnet_50_sparse    conv_segnet
conv_ssd_300_voc0712        conv_vgg_11                 conv_vgg_19              deepbench
deepbench_inference_device  deepbench_inference_server  deepbench_training       minialex
test_bwd_d_regression       test_bwd_w_regression       test_conv_all            test_conv_attrs
test_conv_dilated           test_conv_regression        test_fwd_regression
eval  C_PROGINF=DETAIL /usr/bin/time -v  ./benchdnn --mode=PT --dir=BWD_WB g1mb8ic3ih227oc96oh55kh11sh4ph0n"mini:conv1" 
benchdnn --conv --mode=PERF+TEST -v0 ... init omp_max_thr=12  OK

t:0 orig      922.936 ms ok   1.827 GFlops   1.00 x BWD_WB --dir=BWD_WB mb8ic3ih227oc96oh55kh11sh4nmini:conv1
t:1 0.12      139.123 ms ok  12.123 GFlops   6.63 x BWD_WB --dir=BWD_WB mb8ic3ih227oc96oh55kh11sh4nmini:conv1
t:2 sx3       123.223 ms ok  13.688 GFlops   7.49 x BWD_WB --dir=BWD_WB mb8ic3ih227oc96oh55kh11sh4nmini:conv1
t:3 sx4              3 s ok 611.950 MFlops   0.33 x BWD_WB --dir=BWD_WB mb8ic3ih227oc96oh55kh11sh4nmini:conv1
t:4 ref3      138.646 ms ok  12.165 GFlops   6.66 x BWD_WB --dir=BWD_WB mb8ic3ih227oc96oh55kh11sh4nmini:conv1
t:5 ref4      338.532 ms ok   4.982 GFlops   2.73 x BWD_WB --dir=BWD_WB mb8ic3ih227oc96oh55kh11sh4nmini:conv1
 TEST all_passed=1 0:PASSED __REPRO: --dir=BWD_WB mb8ic3ih227oc96oh55kh11sh4nmini:conv1
T:0  orig   loops: 1   speedup: 1.000 x  wins: 0     tot_ms: 922.936   avg_ms: 922.936  avg speedup: 1.000 x 1827.5 Mflops
T:1  0.12   loops: 1   speedup: 6.634 x  wins: 1     tot_ms: 139.123   avg_ms: 139.123  avg speedup: 6.634 x 12123.4 Mflops
T:2  sx3    loops: 1   speedup: 7.490 x  wins: 2     tot_ms: 123.223   avg_ms: 123.223  avg speedup: 7.490 x 13687.8 Mflops
T:3  sx4    loops: 1   speedup: 0.335 x  wins: -3    tot_ms: 2756.179  avg_ms: 2756.179  avg speedup: 0.335 x 611.9 Mflops
T:4  ref3   loops: 1   speedup: 6.657 x  wins: 2     tot_ms: 138.646   avg_ms: 138.646  avg speedup: 6.657 x 12165.1 Mflops
T:5  ref4   loops: 1   speedup: 2.726 x  wins: -1    tot_ms: 338.532   avg_ms: 338.532  avg speedup: 2.726 x 4982.2 Mflops
TEST final stats:
T:0  orig   loops: 1   speedup: 1.000 x  wins: 0     tot_ms: 922.936   avg_ms: 922.936  avg speedup: 1.000 x 1827.5 Mflops
T:1  0.12   loops: 1   speedup: 6.634 x  wins: 1     tot_ms: 139.123   avg_ms: 139.123  avg speedup: 6.634 x 12123.4 Mflops
T:2  sx3    loops: 1   speedup: 7.490 x  wins: 2     tot_ms: 123.223   avg_ms: 123.223  avg speedup: 7.490 x 13687.8 Mflops
T:3  sx4    loops: 1   speedup: 0.335 x  wins: -3    tot_ms: 2756.179  avg_ms: 2756.179  avg speedup: 0.335 x 611.9 Mflops
T:4  ref3   loops: 1   speedup: 6.657 x  wins: 2     tot_ms: 138.646   avg_ms: 138.646  avg speedup: 6.657 x 12165.1 Mflops
T:5  ref4   loops: 1   speedup: 2.726 x  wins: -1    tot_ms: 338.532   avg_ms: 338.532  avg speedup: 2.726 x 4982.2 Mflops
tests:1 impls:1 passed:1 skipped:0 mistrusted:1 unimplemented:0 failed:0total perf: min(ms):335.762 avg(ms):335.762
 test_fail: 0
	Command being timed: "./benchdnn --mode=PT --dir=BWD_WB g1mb8ic3ih227oc96oh55kh11sh4ph0nmini:conv1"
	User time (seconds): 117.40
	System time (seconds): 0.09
	Percent of CPU this job got: 1197%
	Elapsed (wall clock) time (h:mm:ss or m:ss): 0:09.81
	Average shared text size (kbytes): 0
	Average unshared data size (kbytes): 0
	Average stack size (kbytes): 0
	Average total size (kbytes): 0
	Maximum resident set size (kbytes): 67344
	Average resident set size (kbytes): 0
	Major (requiring I/O) page faults: 0
	Minor (reclaiming a frame) page faults: 1613
	Voluntary context switches: 67
	Involuntary context switches: 6700
	Swaps: 0
	File system inputs: 0
	File system outputs: 8
	Socket messages sent: 0
	Socket messages received: 0
	Signals delivered: 0
	Page size (bytes): 4096
	Exit status: 0
