THREADS  : 
cmd      :  /usr/bin/time -v ./benchdnn --mode=PT --dir=BWD_WB g1mb8ic3ih60oc32oh25kh11sh4ph0n"minisx:conv1" 
/usr/uhome/aurora/4gi/nlabhpg/wrk/simd/gen-dnn/build-sx/tests/benchdnn
total 34250
drwxr-srwx    6 nlabhpg  4gi           36864 Dec 15 13:16 CMakeFiles
-rw-r--r--    1 nlabhpg  4gi             344 Dec 15 13:16 CTestTestfile.cmake
-rw-r--r--    1 nlabhpg  4gi           38447 Dec 15 13:16 Makefile
-rwxr-xr-x    1 nlabhpg  4gi        17184845 Dec 15 13:53 benchdnn
-rw-r--r--    1 nlabhpg  4gi             887 Dec 15 13:16 cmake_install.cmake
-rw-r--r--    1 nlabhpg  4gi          162310 Dec 15 13:54 ftrace.out
drwxrwsrwx    2 nlabhpg  4gi          110592 Dec 15 13:54 inputs
 /usr/uhome/aurora/4gi/nlabhpg/wrk/simd/gen-dnn/build-sx/tests/benchdnn inputs:
COLUMN ... cat
 conv_alexnet conv_all conv_dilated conv_googlenet_v1
 conv_googlenet_v2 conv_googlenet_v3 conv_regression_dilate conv_regression_group
 conv_regression_padding conv_regression_small_spatial conv_regression_stride conv_resnet_50
 conv_resnet_50_sparse conv_segnet conv_ssd_300_voc0712 conv_vgg_11
 conv_vgg_19 deepbench deepbench_inference_device deepbench_inference_server
 deepbench_training minialex test_bwd_d_regression test_bwd_w_regression
 test_conv_all test_conv_regression test_fwd_regression
benchdnn --conv --mode=PERF+TEST -v0 ... init omp_max_thr=1  OK

t:0 orig 1 s ok  35.858 MFlops   1.00 x BWD_WB --dir=BWD_WB mb8ic3ih60oc32oh25kh11sh4nminisx:conv1
t:1 sx3 684.799 ms ok  53.888 MFlops   1.50 x BWD_WB --dir=BWD_WB mb8ic3ih60oc32oh25kh11sh4nminisx:conv1
t:2 sx4 76.350 ms ok 483.331 MFlops  13.48 x BWD_WB --dir=BWD_WB mb8ic3ih60oc32oh25kh11sh4nminisx:conv1
t:3 ref3 636.534 ms ok  57.974 MFlops   1.62 x BWD_WB --dir=BWD_WB mb8ic3ih60oc32oh25kh11sh4nminisx:conv1
t:4 ref4 2 s ok  24.376 MFlops   0.68 x BWD_WB --dir=BWD_WB mb8ic3ih60oc32oh25kh11sh4nminisx:conv1
 TEST all_passed=1 0:PASSED __REPRO:     3.7e+07 ops BWD_WB --dir=BWD_WB mb8ic3ih60oc32oh25kh11sh4nminisx:conv1
T:0  orig   loops: 1   speedup: 1.000 x  wins: 0     tot_ms: 1029.114  avg_ms: 1029.114  avg speedup: 1.000 x 35.9 Mflops
T:1  sx3    loops: 1   speedup: 1.503 x  wins: 1     tot_ms: 684.799   avg_ms: 684.799  avg speedup: 1.503 x 53.9 Mflops
T:2  sx4    loops: 1   speedup: 13.479x  wins: 2     tot_ms: 76.350    avg_ms: 76.350  avg speedup: 13.479 x 483.3 Mflops
T:3  ref3   loops: 1   speedup: 1.617 x  wins: 1     tot_ms: 636.534   avg_ms: 636.534  avg speedup: 1.617 x 58.0 Mflops
T:4  ref4   loops: 1   speedup: 0.680 x  wins: -4    tot_ms: 1513.885  avg_ms: 1513.885  avg speedup: 0.680 x 24.4 Mflops
TEST final stats:
T:0  orig   loops: 1   speedup: 1.000 x  wins: 0     tot_ms: 1029.114  avg_ms: 1029.114  avg speedup: 1.000 x 35.9 Mflops
T:1  sx3    loops: 1   speedup: 1.503 x  wins: 1     tot_ms: 684.799   avg_ms: 684.799  avg speedup: 1.503 x 53.9 Mflops
T:2  sx4    loops: 1   speedup: 13.479x  wins: 2     tot_ms: 76.350    avg_ms: 76.350  avg speedup: 13.479 x 483.3 Mflops
T:3  ref3   loops: 1   speedup: 1.617 x  wins: 1     tot_ms: 636.534   avg_ms: 636.534  avg speedup: 1.617 x 58.0 Mflops
T:4  ref4   loops: 1   speedup: 0.680 x  wins: -4    tot_ms: 1513.885  avg_ms: 1513.885  avg speedup: 0.680 x 24.4 Mflops
tests:1 impls:1 passed:0 skipped:0 mistrusted:1 unimplemented:0 failed:0 test_fail: 0

     ******  Program Information  ******
  Real Time (sec)               :             9.014610
  User Time (sec)               :            11.062411
  Sys  Time (sec)               :             0.018379
  Vector Time (sec)             :             8.719636
  Inst. Count                   :           2363245792.
  V. Inst. Count                :            481462051.
  V. Element Count              :          49778754557.
  V. Load Element Count         :           7137481390.
  FLOP Count                    :           3843175272.
  MOPS                          :          4669.916739
  MFLOPS                        :           347.408469
  MOPS   (concurrent)           :          5741.238041
  MFLOPS (concurrent)           :           427.107127
  A. V. Length                  :           103.390816
  V. Op. Ratio (%)              :            96.357406
  Memory Size (MB)              :           448.000000
  Max Concurrent Proc.          :                    4.
    Conc. Time(>= 1) (sec)      :             8.998153
    Conc. Time(>= 2) (sec)      :             0.694302
    Conc. Time(>= 3) (sec)      :             0.690305
    Conc. Time(>= 4) (sec)      :             0.679660
  Event Busy Count              :                    0.
  Event Wait (sec)              :             0.000000
  Lock Busy Count               :                    5.
  Lock Wait (sec)               :             0.002924
  Barrier Busy Count            :                    0.
  Barrier Wait (sec)            :             0.000000
  MIPS                          :           213.628457
  MIPS (concurrent)             :           262.636765
  I-Cache (sec)                 :             0.001618
  O-Cache (sec)                 :             0.129706
  Bank Conflict Time
    CPU Port Conf. (sec)        :             0.000966
    Memory Network Conf. (sec)  :             2.854277
  ADB Hit Element Ratio (%)     :             0.000000

  Start Time (date)    :  Fri Dec 15 13:54:37 GMT 2017
  End   Time (date)    :  Fri Dec 15 13:54:46 GMT 2017

real        9.0
user       11.0
sys         0.0
