[ 23%] Built target mkldnn
[ 24%] Built target simple-training-net-cpp
[ 26%] Built target simple-training-net-c
[ 27%] Built target simple-net-cpp
[ 28%] Built target simple-net-c
[ 29%] Built target api-io-c
[ 31%] Built target test_c_symbols-c
[ 32%] Built target api-c
[ 35%] Built target mkldnn_gtest
[ 36%] Built target test_iface_attr
[ 38%] Built target test_sum
[ 40%] Built target test_lrn_forward
[ 42%] Built target test_convolution_relu_forward_s16s16s32
[ 44%] Built target test_reorder
[ 46%] Built target test_concat
[ 48%] Built target test_convolution_backward_data_f32
[ 50%] Built target test_softmax_forward
[ 52%] Built target test_convolution_backward_weights
[ 54%] Built target test_relu
[ 56%] Built target test_eltwise
[ 58%] Built target test_pooling_forward
[ 60%] Built target test_pooling_backward
[ 62%] Built target test_batch_normalization
[ 64%] Built target test_lrn_backward
[ 67%] Built target test_inner_product_backward_weights
[ 69%] Built target test_convolution_format_any
[ 71%] Built target test_inner_product_forward
[ 73%] Built target test_inner_product_backward_data
[ 75%] Built target test_convolution_forward_f32
[ 77%] Built target test_convolution_forward_s16s16s32
[ 79%] Built target test_convolution_relu_forward_f32
[ 81%] Built target test_convolution_backward_data_s16s16s32
[100%] Built target benchdnn
THREADS  : OMP_NUM_THREADS=1
cmd      : OMP_NUM_THREADS=1 C_PROGINF=DETAIL /usr/bin/time -v ve_exec ./benchdnn --mode=PT --dir=BWD_WB g1mb8ic3ih227oc96oh55kh11sh4ph0n"mini:conv1" 
/usr/uhome/aurora/4gi/nlabhpg/malon/aurora/master/build/tests/benchdnn
total 11348
-rwxr-xr-x. 1 nlabhpg 4gi 11431240 Dec 19 03:41 benchdnn
drwxr-sr-x. 6 nlabhpg 4gi    36864 Dec 16 06:18 CMakeFiles
-rw-r--r--. 1 nlabhpg 4gi     1073 Dec 16 06:18 cmake_install.cmake
-rw-r--r--. 1 nlabhpg 4gi      347 Dec 16 06:18 CTestTestfile.cmake
drwxr-sr-x. 2 nlabhpg 4gi   110592 Dec 16 06:18 inputs
-rw-r--r--. 1 nlabhpg 4gi    38450 Dec 16 06:18 Makefile
 /usr/uhome/aurora/4gi/nlabhpg/malon/aurora/master/build/tests/benchdnn inputs:
COLUMN ... column -t
conv_alexnet             conv_all                       conv_dilated                conv_googlenet_v1
conv_googlenet_v2        conv_googlenet_v3              conv_regression_dilate      conv_regression_group
conv_regression_padding  conv_regression_small_spatial  conv_regression_stride      conv_resnet_50
conv_resnet_50_sparse    conv_segnet                    conv_ssd_300_voc0712        conv_vgg_11
conv_vgg_19              deepbench                      deepbench_inference_device  deepbench_inference_server
deepbench_training       minialex                       test_bwd_d_regression       test_bwd_w_regression
test_conv_all            test_conv_regression           test_fwd_regression
eval OMP_NUM_THREADS=1 C_PROGINF=DETAIL /usr/bin/time -v ve_exec ./benchdnn --mode=PT --dir=BWD_WB g1mb8ic3ih227oc96oh55kh11sh4ph0n"mini:conv1" 
benchdnn --conv --mode=PERF+TEST -v0 ... init omp_max_thr=1  OK

t:0 orig             3 s ok 600.671 MFlops   1.00 x BWD_WB --dir=BWD_WB mb8ic3ih227oc96oh55kh11sh4nmini:conv1
t:1 sx3              3 s ok 627.055 MFlops   1.04 x BWD_WB --dir=BWD_WB mb8ic3ih227oc96oh55kh11sh4nmini:conv1
t:2 sx4             16 s ok 106.008 MFlops   0.18 x BWD_WB --dir=BWD_WB mb8ic3ih227oc96oh55kh11sh4nmini:conv1
t:3 ref3             3 s ok 646.315 MFlops   1.08 x BWD_WB --dir=BWD_WB mb8ic3ih227oc96oh55kh11sh4nmini:conv1
 TEST all_passed=1 0:PASSED __REPRO:     1.7e+09 ops BWD_WB --dir=BWD_WB mb8ic3ih227oc96oh55kh11sh4nmini:conv1
T:0  orig   loops: 1   speedup: 1.000 x  wins: 0     tot_ms: 2807.934  avg_ms: 2807.934  avg speedup: 1.000 x 47510417653050979023520543394780432542190603595721954244752150789061287473374201943503692079904159119230135827666811627544176391188897916869079565673986735475414942459758397882368.0 Mflops
T:1  sx3    loops: 1   speedup: 1.044 x  wins: 1     tot_ms: 2689.785  avg_ms: 2689.785  avg speedup: 1.044 x 49597314930173581014282032609876418294071049104617717280817550389150703840831786392344107675918987590815607685800806888073506141432732175904448669941106202564721653637873217306624.0 Mflops
T:2  sx4    loops: 1   speedup: 0.176 x  wins: -2    tot_ms: 15910.486  avg_ms: 15910.486  avg speedup: 0.176 x 8384791556720923478175499921403363407220311811533808986221333902517824422832536685666616099089027968728864452234649889119892370230914619729908673601952162994886444299005294804992.0 Mflops
T:3  ref3   loops: 1   speedup: 1.076 x  wins: 3     tot_ms: 2609.629  avg_ms: 2609.629  avg speedup: 1.076 x 51120720291231228733474529661998697967875524786385712414579769070754049448871047818138412560709799159513610368322863509640197205998382121047772221690665492639728698003562424172544.0 Mflops
T:4  NULL   loops: 1   speedup: inf   x  wins: 4     tot_ms: 0.000     avg_ms: 0.000  avg speedup: inf x inf Mflops
TEST final stats:
T:0  orig   loops: 1   speedup: 1.000 x  wins: 0     tot_ms: 2807.934  avg_ms: 2807.934  avg speedup: 1.000 x 47510417653050979023520543394780432542190603595721954244752150789061287473374201943503692079904159119230135827666811627544176391188897916869079565673986735475414942459758397882368.0 Mflops
T:1  sx3    loops: 1   speedup: 1.044 x  wins: 1     tot_ms: 2689.785  avg_ms: 2689.785  avg speedup: 1.044 x 49597314930173581014282032609876418294071049104617717280817550389150703840831786392344107675918987590815607685800806888073506141432732175904448669941106202564721653637873217306624.0 Mflops
T:2  sx4    loops: 1   speedup: 0.176 x  wins: -2    tot_ms: 15910.486  avg_ms: 15910.486  avg speedup: 0.176 x 8384791556720923478175499921403363407220311811533808986221333902517824422832536685666616099089027968728864452234649889119892370230914619729908673601952162994886444299005294804992.0 Mflops
T:3  ref3   loops: 1   speedup: 1.076 x  wins: 3     tot_ms: 2609.629  avg_ms: 2609.629  avg speedup: 1.076 x 51120720291231228733474529661998697967875524786385712414579769070754049448871047818138412560709799159513610368322863509640197205998382121047772221690665492639728698003562424172544.0 Mflops
T:4  NULL   loops: 1   speedup: inf   x  wins: 4     tot_ms: 0.000     avg_ms: 0.000  avg speedup: inf x inf Mflops
tests:1 impls:1 passed:0 skipped:0 mistrusted:1 unimplemented:0 failed:0 test_fail: 0
	Command being timed: "ve_exec ./benchdnn --mode=PT --dir=BWD_WB g1mb8ic3ih227oc96oh55kh11sh4ph0nmini:conv1"
	User time (seconds): 0.01
	System time (seconds): 0.01
	Percent of CPU this job got: 0%
	Elapsed (wall clock) time (h:mm:ss or m:ss): 0:51.06
	Average shared text size (kbytes): 0
	Average unshared data size (kbytes): 0
	Average stack size (kbytes): 0
	Average total size (kbytes): 0
	Maximum resident set size (kbytes): 83236
	Average resident set size (kbytes): 0
	Major (requiring I/O) page faults: 0
	Minor (reclaiming a frame) page faults: 9923
	Voluntary context switches: 770
	Involuntary context switches: 4
	Swaps: 0
	File system inputs: 0
	File system outputs: 48
	Socket messages sent: 0
	Socket messages received: 0
	Signals delivered: 0
	Page size (bytes): 4096
	Exit status: 0
