[ 23%] Built target mkldnn
[ 25%] Built target simple-training-net-c
[ 26%] Built target simple-net-c
[ 27%] Built target simple-net-cpp
[ 28%] Built target simple-training-net-cpp
[ 29%] Built target api-c
[ 31%] Built target test_c_symbols-c
[ 32%] Built target api-io-c
[ 35%] Built target mkldnn_gtest
[ 37%] Built target test_convolution_backward_weights
[ 39%] Built target test_lrn_forward
[ 41%] Built target test_sum
[ 43%] Built target test_relu
[ 45%] Built target test_lrn_backward
[ 47%] Built target test_softmax_forward
[ 49%] Built target test_eltwise
[ 51%] Built target test_convolution_relu_forward_s16s16s32
[ 53%] Built target test_inner_product_backward_weights
[ 54%] Built target test_iface_attr
[ 56%] Built target test_concat
[ 58%] Built target test_convolution_backward_data_f32
[ 60%] Built target test_pooling_backward
[ 62%] Built target test_batch_normalization
[ 64%] Built target test_reorder
[ 67%] Built target test_convolution_format_any
[ 69%] Built target test_inner_product_forward
[ 71%] Built target test_pooling_forward
[ 73%] Built target test_inner_product_backward_data
[ 75%] Built target test_convolution_forward_f32
[ 77%] Built target test_convolution_forward_s16s16s32
[ 79%] Built target test_convolution_relu_forward_f32
[ 81%] Built target test_convolution_backward_data_s16s16s32
[100%] Built target benchdnn
THREADS  : 
cmd      :  /usr/bin/time -v ./benchdnn --mode=PT --dir=BWD_D g1mb8ic3ih227oc96oh55kh11sh4ph0n"mini:conv1" 
/home/kruus/w/gen-dnn/build/tests/benchdnn
total 304
-rwxrwxr-x 1 kruus kruus 257112 Dec 14 18:17 benchdnn
drwxrwxr-x 6 kruus kruus   4096 Dec 14 18:17 CMakeFiles
-rw-rw-r-- 1 kruus kruus   1017 Dec 14 18:17 cmake_install.cmake
-rw-rw-r-- 1 kruus kruus    291 Dec 14 18:17 CTestTestfile.cmake
drwxrwxr-x 2 kruus kruus   4096 Dec 14 18:17 inputs
-rw-rw-r-- 1 kruus kruus  34857 Dec 14 18:17 Makefile
 /home/kruus/w/gen-dnn/build/tests/benchdnn inputs:
COLUMN ... column -t
conv_alexnet             conv_all                       conv_dilated                conv_googlenet_v1
conv_googlenet_v2        conv_googlenet_v3              conv_regression_dilate      conv_regression_group
conv_regression_padding  conv_regression_small_spatial  conv_regression_stride      conv_resnet_50
conv_resnet_50_sparse    conv_segnet                    conv_ssd_300_voc0712        conv_vgg_11
conv_vgg_19              deepbench                      deepbench_inference_device  deepbench_inference_server
deepbench_training       minialex                       test_bwd_d_regression       test_bwd_w_regression
test_conv_all            test_conv_regression           test_fwd_regression
benchdnn --conv --mode=PERF+TEST -v0 ... init omp_max_thr=4  OK

t:0 orig             9 s ok 186.288 MFlops   1.00 x BWD_D --dir=BWD_D mb8ic3ih227oc96oh55kh11sh4nmini:conv1
t:1 sx3       283.807 ms ok   5.943 GFlops  31.90 x BWD_D --dir=BWD_D mb8ic3ih227oc96oh55kh11sh4nmini:conv1
t:2 sx4       262.341 ms ok   6.429 GFlops  34.51 x BWD_D --dir=BWD_D mb8ic3ih227oc96oh55kh11sh4nmini:conv1
t:3 ref3      681.990 ms ok   2.473 GFlops  13.28 x BWD_D --dir=BWD_D mb8ic3ih227oc96oh55kh11sh4nmini:conv1
t:4 ref4             2 s ok 772.713 MFlops   4.15 x BWD_D --dir=BWD_D mb8ic3ih227oc96oh55kh11sh4nmini:conv1
 TEST all_passed=1 0:PASSED __REPRO:     1.7e+09 ops BWD_D --dir=BWD_D mb8ic3ih227oc96oh55kh11sh4nmini:conv1
T:0  orig   loops: 1   speedup: 1.000 x  wins: 0     tot_ms: 9053.967  avg_ms: 9053.967  avg speedup: 1.000 x 186.3 Mflops
T:1  sx3    loops: 1   speedup: 31.902x  wins: 1     tot_ms: 283.807   avg_ms: 283.807  avg speedup: 31.902 x 5942.9 Mflops
T:2  sx4    loops: 1   speedup: 34.512x  wins: 2     tot_ms: 262.341   avg_ms: 262.341  avg speedup: 34.512 x 6429.2 Mflops
T:3  ref3   loops: 1   speedup: 13.276x  wins: -1    tot_ms: 681.990   avg_ms: 681.990  avg speedup: 13.276 x 2473.1 Mflops
T:4  ref4   loops: 1   speedup: 4.148 x  wins: -2    tot_ms: 2182.756  avg_ms: 2182.756  avg speedup: 4.148 x 772.7 Mflops
TEST final stats:
T:0  orig   loops: 1   speedup: 1.000 x  wins: 0     tot_ms: 9053.967  avg_ms: 9053.967  avg speedup: 1.000 x 186.3 Mflops
T:1  sx3    loops: 1   speedup: 31.902x  wins: 1     tot_ms: 283.807   avg_ms: 283.807  avg speedup: 31.902 x 5942.9 Mflops
T:2  sx4    loops: 1   speedup: 34.512x  wins: 2     tot_ms: 262.341   avg_ms: 262.341  avg speedup: 34.512 x 6429.2 Mflops
T:3  ref3   loops: 1   speedup: 13.276x  wins: -1    tot_ms: 681.990   avg_ms: 681.990  avg speedup: 13.276 x 2473.1 Mflops
T:4  ref4   loops: 1   speedup: 4.148 x  wins: -2    tot_ms: 2182.756  avg_ms: 2182.756  avg speedup: 4.148 x 772.7 Mflops
tests:1 impls:1 passed:0 skipped:0 mistrusted:1 unimplemented:0 failed:0 test_fail: 0
	Command being timed: "./benchdnn --mode=PT --dir=BWD_D g1mb8ic3ih227oc96oh55kh11sh4ph0nmini:conv1"
	User time (seconds): 110.28
	System time (seconds): 0.23
	Percent of CPU this job got: 325%
	Elapsed (wall clock) time (h:mm:ss or m:ss): 0:33.96
	Average shared text size (kbytes): 0
	Average unshared data size (kbytes): 0
	Average stack size (kbytes): 0
	Average total size (kbytes): 0
	Maximum resident set size (kbytes): 61492
	Average resident set size (kbytes): 0
	Major (requiring I/O) page faults: 0
	Minor (reclaiming a frame) page faults: 2360
	Voluntary context switches: 23
	Involuntary context switches: 192159
	Swaps: 0
	File system inputs: 0
	File system outputs: 16
	Socket messages sent: 0
	Socket messages received: 0
	Signals delivered: 0
	Page size (bytes): 4096
	Exit status: 0
