[ 29%] Built target mkldnn
[ 30%] Built target simple-net-c
[ 31%] Built target simple-net-cpp
[ 31%] Built target simple-training-net-c
[ 32%] Built target simple-training-net-cpp
[ 32%] Built target api-c
[ 33%] Built target api-io-c
[ 35%] Built target test_c_symbols-c
[ 36%] Built target mkldnn_gtest
[ 38%] Built target test_batch_normalization
[ 39%] Built target test_concat
[ 41%] Built target test_convolution_backward_data_f32
[ 43%] Built target test_convolution_backward_data_s16s16s32
[ 45%] Built target test_convolution_backward_weights
[ 46%] Built target test_convolution_format_any
[ 48%] Built target test_convolution_forward_f32
[ 50%] Built target test_convolution_forward_s16s16s32
[ 52%] Built target test_convolution_relu_forward_f32
[ 53%] Built target test_convolution_relu_forward_s16s16s32
[ 55%] Built target test_eltwise
[ 57%] Built target test_iface_attr
[ 58%] Built target test_inner_product_backward_data
[ 60%] Built target test_inner_product_backward_weights
[ 62%] Built target test_inner_product_forward
[ 64%] Built target test_lrn_backward
[ 65%] Built target test_lrn_forward
[ 67%] Built target test_pooling_backward
[ 69%] Built target test_pooling_forward
[ 70%] Built target test_relu
[ 72%] Built target test_reorder
[ 74%] Built target test_softmax_forward
[ 76%] Built target test_sum
[100%] Built target benchdnn
THREADS  : 
cmd      :  /usr/bin/time -v ./benchdnn --mode=PT --dir=BWD_WB g1mb8ic3ih227oc96oh55kh11sh4ph0n"mini:conv1" 
/home/kruus/w/gen-dnn/build/tests/benchdnn
total 300
-rwxrwxr-x 1 kruus kruus 253176 Dec 14 02:54 benchdnn
drwxrwxr-x 6 kruus kruus   4096 Dec 14 02:47 CMakeFiles
-rw-rw-r-- 1 kruus kruus   1017 Dec 14 02:47 cmake_install.cmake
-rw-rw-r-- 1 kruus kruus    291 Dec 14 02:47 CTestTestfile.cmake
drwxrwxr-x 2 kruus kruus   4096 Dec 14 02:47 inputs
-rw-rw-r-- 1 kruus kruus  34759 Dec 14 02:47 Makefile
 /home/kruus/w/gen-dnn/build/tests/benchdnn inputs:
COLUMN ... column -t
conv_alexnet             conv_all                       conv_dilated                conv_googlenet_v1
conv_googlenet_v2        conv_googlenet_v3              conv_regression_dilate      conv_regression_group
conv_regression_padding  conv_regression_small_spatial  conv_regression_stride      conv_resnet_50
conv_resnet_50_sparse    conv_segnet                    conv_ssd_300_voc0712        conv_vgg_11
conv_vgg_19              deepbench                      deepbench_inference_device  deepbench_inference_server
deepbench_training       minialex                       test_bwd_d_regression       test_bwd_w_regression
test_conv_all            test_conv_regression           test_fwd_regression
benchdnn --conv --mode=PERF+TEST -v0 ... init omp_max_thr=2  OK

Test0 orig              7 s CORRECT   1.7e+09 ops 224.992 MFlops BWD_WB --dir=BWD_WB mb8ic3ih227oc96oh55kh11sh4nmini:conv1
Test1 sx3               1 s CORRECT   1.7e+09 ops   1.671 GFlops BWD_WB --dir=BWD_WB mb8ic3ih227oc96oh55kh11sh4nmini:conv1
Test2 sx4               4 s CORRECT   1.7e+09 ops 430.970 MFlops BWD_WB --dir=BWD_WB mb8ic3ih227oc96oh55kh11sh4nmini:conv1
Test3 ref3              1 s CORRECT   1.7e+09 ops   1.631 GFlops BWD_WB --dir=BWD_WB mb8ic3ih227oc96oh55kh11sh4nmini:conv1
Test4 ref4              3 s CORRECT   1.7e+09 ops 621.116 MFlops BWD_WB --dir=BWD_WB mb8ic3ih227oc96oh55kh11sh4nmini:conv1
 TEST all_passed=1 0:PASSED __REPRO: --dir=BWD_WB mb8ic3ih227oc96oh55kh11sh4nmini:conv1
T:0  orig   loops: 1   speedup: 1.000 x  wins: 0     tot_ms: 7496.475  avg_ms: 7496.475  avg speedup: 1.000 x 225.0 Mflops
T:1  sx3    loops: 1   speedup: 7.429 x  wins: 1     tot_ms: 1009.105  avg_ms: 1009.105  avg speedup: 7.429 x 1671.4 Mflops
T:2  sx4    loops: 1   speedup: 1.915 x  wins: 0     tot_ms: 3913.597  avg_ms: 3913.597  avg speedup: 1.915 x 431.0 Mflops
T:3  ref3   loops: 1   speedup: 7.248 x  wins: 1     tot_ms: 1034.306  avg_ms: 1034.306  avg speedup: 7.248 x 1630.7 Mflops
T:4  ref4   loops: 1   speedup: 2.761 x  wins: 0     tot_ms: 2715.505  avg_ms: 2715.505  avg speedup: 2.761 x 621.1 Mflops
TEST final stats:
T:0  orig   loops: 1   speedup: 1.000 x  wins: 0     tot_ms: 7496.475  avg_ms: 7496.475  avg speedup: 1.000 x 225.0 Mflops
T:1  sx3    loops: 1   speedup: 7.429 x  wins: 1     tot_ms: 1009.105  avg_ms: 1009.105  avg speedup: 7.429 x 1671.4 Mflops
T:2  sx4    loops: 1   speedup: 1.915 x  wins: 0     tot_ms: 3913.597  avg_ms: 3913.597  avg speedup: 1.915 x 431.0 Mflops
T:3  ref3   loops: 1   speedup: 7.248 x  wins: 1     tot_ms: 1034.306  avg_ms: 1034.306  avg speedup: 7.248 x 1630.7 Mflops
T:4  ref4   loops: 1   speedup: 2.761 x  wins: 0     tot_ms: 2715.505  avg_ms: 2715.505  avg speedup: 2.761 x 621.1 Mflops
tests:1 impls:1 passed:0 skipped:0 mistrusted:1 unimplemented:0 failed:0 test_fail: 0
	Command being timed: "./benchdnn --mode=PT --dir=BWD_WB g1mb8ic3ih227oc96oh55kh11sh4ph0nmini:conv1"
	User time (seconds): 79.60
	System time (seconds): 0.18
	Percent of CPU this job got: 199%
	Elapsed (wall clock) time (h:mm:ss or m:ss): 0:39.95
	Average shared text size (kbytes): 0
	Average unshared data size (kbytes): 0
	Average stack size (kbytes): 0
	Average total size (kbytes): 0
	Maximum resident set size (kbytes): 67016
	Average resident set size (kbytes): 0
	Major (requiring I/O) page faults: 0
	Minor (reclaiming a frame) page faults: 2351
	Voluntary context switches: 3
	Involuntary context switches: 7765
	Swaps: 0
	File system inputs: 0
	File system outputs: 16
	Socket messages sent: 0
	Socket messages received: 0
	Signals delivered: 0
	Page size (bytes): 4096
	Exit status: 0
