THREADS  : 
cmd      :  /usr/bin/time -v ./benchdnn --mode=PT --dir=BWD_D g1mb8ic3ih60oc32oh25kh11sh4ph0n"minisx:conv1" 
/usr/uhome/aurora/4gi/nlabhpg/wrk/simd/gen-dnn/build-sx/tests/benchdnn
total 34252
drwxr-srwx    6 nlabhpg  4gi           36864 Dec 15 13:16 CMakeFiles
-rw-r--r--    1 nlabhpg  4gi             344 Dec 15 13:16 CTestTestfile.cmake
-rw-r--r--    1 nlabhpg  4gi           38447 Dec 15 13:16 Makefile
-rwxr-xr-x    1 nlabhpg  4gi        17184845 Dec 15 13:53 benchdnn
-rw-r--r--    1 nlabhpg  4gi             887 Dec 15 13:16 cmake_install.cmake
-rw-r--r--    1 nlabhpg  4gi          163501 Dec 15 13:54 ftrace.out
drwxrwsrwx    2 nlabhpg  4gi          110592 Dec 15 13:54 inputs
 /usr/uhome/aurora/4gi/nlabhpg/wrk/simd/gen-dnn/build-sx/tests/benchdnn inputs:
COLUMN ... cat
 conv_alexnet conv_all conv_dilated conv_googlenet_v1
 conv_googlenet_v2 conv_googlenet_v3 conv_regression_dilate conv_regression_group
 conv_regression_padding conv_regression_small_spatial conv_regression_stride conv_resnet_50
 conv_resnet_50_sparse conv_segnet conv_ssd_300_voc0712 conv_vgg_11
 conv_vgg_19 deepbench deepbench_inference_device deepbench_inference_server
 deepbench_training minialex test_bwd_d_regression test_bwd_w_regression
 test_conv_all test_conv_regression test_fwd_regression
benchdnn --conv --mode=PERF+TEST -v0 ... init omp_max_thr=1  OK

t:0 orig 5 s ok   7.402 MFlops   1.00 x BWD_D --dir=BWD_D mb8ic3ih60oc32oh25kh11sh4nminisx:conv1
t:1 sx3 43.879 ms ok 841.001 MFlops 113.62 x BWD_D --dir=BWD_D mb8ic3ih60oc32oh25kh11sh4nminisx:conv1
t:2 sx4 347.518 ms ok 106.188 MFlops  14.35 x BWD_D --dir=BWD_D mb8ic3ih60oc32oh25kh11sh4nminisx:conv1
t:3 ref3 3 s ok  10.706 MFlops   1.45 x BWD_D --dir=BWD_D mb8ic3ih60oc32oh25kh11sh4nminisx:conv1
t:4 ref4 1 s ok  36.766 MFlops   4.97 x BWD_D --dir=BWD_D mb8ic3ih60oc32oh25kh11sh4nminisx:conv1
 TEST all_passed=1 0:PASSED __REPRO:     3.7e+07 ops BWD_D --dir=BWD_D mb8ic3ih60oc32oh25kh11sh4nminisx:conv1
T:0  orig   loops: 1   speedup: 1.000 x  wins: 0     tot_ms: 4985.697  avg_ms: 4985.697  avg speedup: 1.000 x 7.4 Mflops
T:1  sx3    loops: 1   speedup: 113.623x  wins: 1     tot_ms: 43.879    avg_ms: 43.879  avg speedup: 113.623 x 841.0 Mflops
T:2  sx4    loops: 1   speedup: 14.347x  wins: 0     tot_ms: 347.518   avg_ms: 347.518  avg speedup: 14.347 x 106.2 Mflops
T:3  ref3   loops: 1   speedup: 1.446 x  wins: -1    tot_ms: 3446.892  avg_ms: 3446.892  avg speedup: 1.446 x 10.7 Mflops
T:4  ref4   loops: 1   speedup: 4.967 x  wins: 0     tot_ms: 1003.704  avg_ms: 1003.704  avg speedup: 4.967 x 36.8 Mflops
TEST final stats:
T:0  orig   loops: 1   speedup: 1.000 x  wins: 0     tot_ms: 4985.697  avg_ms: 4985.697  avg speedup: 1.000 x 7.4 Mflops
T:1  sx3    loops: 1   speedup: 113.623x  wins: 1     tot_ms: 43.879    avg_ms: 43.879  avg speedup: 113.623 x 841.0 Mflops
T:2  sx4    loops: 1   speedup: 14.347x  wins: 0     tot_ms: 347.518   avg_ms: 347.518  avg speedup: 14.347 x 106.2 Mflops
T:3  ref3   loops: 1   speedup: 1.446 x  wins: -1    tot_ms: 3446.892  avg_ms: 3446.892  avg speedup: 1.446 x 10.7 Mflops
T:4  ref4   loops: 1   speedup: 4.967 x  wins: 0     tot_ms: 1003.704  avg_ms: 1003.704  avg speedup: 4.967 x 36.8 Mflops
tests:1 impls:1 passed:0 skipped:0 mistrusted:1 unimplemented:0 failed:0 test_fail: 0

     ******  Program Information  ******
  Real Time (sec)               :            24.933864
  User Time (sec)               :            32.070210
  Sys  Time (sec)               :             0.017267
  Vector Time (sec)             :            20.395067
  Inst. Count                   :           6567955014.
  V. Inst. Count                :           1213878203.
  V. Element Count              :         130512491143.
  V. Load Element Count         :          10452051115.
  FLOP Count                    :          11270818216.
  MOPS                          :          4236.535026
  MFLOPS                        :           351.441984
  MOPS   (concurrent)           :          5452.786472
  MFLOPS (concurrent)           :           452.336186
  A. V. Length                  :           107.516957
  V. Op. Ratio (%)              :            96.059313
  Memory Size (MB)              :           448.000000
  Max Concurrent Proc.          :                    4.
    Conc. Time(>= 1) (sec)      :            24.916906
    Conc. Time(>= 2) (sec)      :             2.391588
    Conc. Time(>= 3) (sec)      :             2.389150
    Conc. Time(>= 4) (sec)      :             2.372574
  Event Busy Count              :                    0.
  Event Wait (sec)              :             0.000000
  Lock Busy Count               :                    4.
  Lock Wait (sec)               :             0.002228
  Barrier Busy Count            :                    0.
  Barrier Wait (sec)            :             0.000000
  MIPS                          :           204.799252
  MIPS (concurrent)             :           263.594325
  I-Cache (sec)                 :             0.001781
  O-Cache (sec)                 :             0.457378
  Bank Conflict Time
    CPU Port Conf. (sec)        :             0.000145
    Memory Network Conf. (sec)  :             1.117966
  ADB Hit Element Ratio (%)     :             0.000000

  Start Time (date)    :  Fri Dec 15 13:54:11 GMT 2017
  End   Time (date)    :  Fri Dec 15 13:54:36 GMT 2017

real       24.9
user       32.0
sys         0.0
