[ 23%] Built target mkldnn
[ 24%] Built target simple-training-net-cpp
[ 26%] Built target simple-training-net-c
[ 27%] Built target simple-net-cpp
[ 28%] Built target simple-net-c
[ 29%] Built target api-io-c
[ 31%] Built target test_c_symbols-c
[ 32%] Built target api-c
[ 35%] Built target mkldnn_gtest
[ 36%] Built target test_iface_attr
[ 38%] Built target test_sum
[ 40%] Built target test_lrn_forward
[ 42%] Built target test_convolution_relu_forward_s16s16s32
[ 44%] Built target test_reorder
[ 46%] Built target test_concat
[ 48%] Built target test_convolution_backward_data_f32
[ 50%] Built target test_softmax_forward
[ 52%] Built target test_convolution_backward_weights
[ 54%] Built target test_relu
[ 56%] Built target test_eltwise
[ 58%] Built target test_pooling_forward
[ 60%] Built target test_pooling_backward
[ 62%] Built target test_batch_normalization
[ 64%] Built target test_lrn_backward
[ 67%] Built target test_inner_product_backward_weights
[ 69%] Built target test_convolution_format_any
[ 71%] Built target test_inner_product_forward
[ 73%] Built target test_inner_product_backward_data
[ 75%] Built target test_convolution_forward_f32
[ 77%] Built target test_convolution_forward_s16s16s32
[ 79%] Built target test_convolution_relu_forward_f32
[ 81%] Built target test_convolution_backward_data_s16s16s32
[100%] Built target benchdnn
THREADS  : 
cmd      :  C_PROGINF=DETAIL /usr/bin/time -v  ./benchdnn --mode=PT --dir=FWD_B g1mb8ic3ih227oc96oh55kh11sh4ph0n"mini:conv1" 
/usr/uhome/aurora/4gi/nlabhpg/malon/aurora/master/build/tests/benchdnn
total 11348
-rwxr-xr-x. 1 nlabhpg 4gi 11431240 Dec 19 03:41 benchdnn
drwxr-sr-x. 6 nlabhpg 4gi    36864 Dec 16 06:18 CMakeFiles
-rw-r--r--. 1 nlabhpg 4gi     1073 Dec 16 06:18 cmake_install.cmake
-rw-r--r--. 1 nlabhpg 4gi      347 Dec 16 06:18 CTestTestfile.cmake
drwxr-sr-x. 2 nlabhpg 4gi   110592 Dec 16 06:18 inputs
-rw-r--r--. 1 nlabhpg 4gi    38450 Dec 16 06:18 Makefile
 /usr/uhome/aurora/4gi/nlabhpg/malon/aurora/master/build/tests/benchdnn inputs:
COLUMN ... column -t
conv_alexnet             conv_all                       conv_dilated                conv_googlenet_v1
conv_googlenet_v2        conv_googlenet_v3              conv_regression_dilate      conv_regression_group
conv_regression_padding  conv_regression_small_spatial  conv_regression_stride      conv_resnet_50
conv_resnet_50_sparse    conv_segnet                    conv_ssd_300_voc0712        conv_vgg_11
conv_vgg_19              deepbench                      deepbench_inference_device  deepbench_inference_server
deepbench_training       minialex                       test_bwd_d_regression       test_bwd_w_regression
test_conv_all            test_conv_regression           test_fwd_regression
eval  C_PROGINF=DETAIL /usr/bin/time -v  ./benchdnn --mode=PT --dir=FWD_B g1mb8ic3ih227oc96oh55kh11sh4ph0n"mini:conv1" 
./benchdnn: ./benchdnn: cannot execute binary file
Command exited with non-zero status 126
	Command being timed: "./benchdnn --mode=PT --dir=FWD_B g1mb8ic3ih227oc96oh55kh11sh4ph0nmini:conv1"
	User time (seconds): 0.00
	System time (seconds): 0.00
	Percent of CPU this job got: 22%
	Elapsed (wall clock) time (h:mm:ss or m:ss): 0:00.00
	Average shared text size (kbytes): 0
	Average unshared data size (kbytes): 0
	Average stack size (kbytes): 0
	Average total size (kbytes): 0
	Maximum resident set size (kbytes): 1260
	Average resident set size (kbytes): 0
	Major (requiring I/O) page faults: 0
	Minor (reclaiming a frame) page faults: 373
	Voluntary context switches: 7
	Involuntary context switches: 2
	Swaps: 0
	File system inputs: 0
	File system outputs: 8
	Socket messages sent: 0
	Socket messages received: 0
	Signals delivered: 0
	Page size (bytes): 4096
	Exit status: 126
Problems?
