THREADS  : 
cmd      :  /usr/bin/time -v ./benchdnn --mode=PT --dir=BWD_WB g1mb8ic32ih13oc48oh13kh3ph1n"minisx:conv3" 
/usr/uhome/aurora/4gi/nlabhpg/wrk/simd/gen-dnn/build-sx/tests/benchdnn
total 34250
drwxr-srwx    6 nlabhpg  4gi           36864 Dec 15 13:16 CMakeFiles
-rw-r--r--    1 nlabhpg  4gi             344 Dec 15 13:16 CTestTestfile.cmake
-rw-r--r--    1 nlabhpg  4gi           38447 Dec 15 13:16 Makefile
-rwxr-xr-x    1 nlabhpg  4gi        17184845 Dec 15 13:53 benchdnn
-rw-r--r--    1 nlabhpg  4gi             887 Dec 15 13:16 cmake_install.cmake
-rw-r--r--    1 nlabhpg  4gi          162310 Dec 15 13:55 ftrace.out
drwxrwsrwx    2 nlabhpg  4gi          110592 Dec 15 13:55 inputs
 /usr/uhome/aurora/4gi/nlabhpg/wrk/simd/gen-dnn/build-sx/tests/benchdnn inputs:
COLUMN ... cat
 conv_alexnet conv_all conv_dilated conv_googlenet_v1
 conv_googlenet_v2 conv_googlenet_v3 conv_regression_dilate conv_regression_group
 conv_regression_padding conv_regression_small_spatial conv_regression_stride conv_resnet_50
 conv_resnet_50_sparse conv_segnet conv_ssd_300_voc0712 conv_vgg_11
 conv_vgg_19 deepbench deepbench_inference_device deepbench_inference_server
 deepbench_training minialex test_bwd_d_regression test_bwd_w_regression
 test_conv_all test_conv_regression test_fwd_regression
benchdnn --conv --mode=PERF+TEST -v0 ... init omp_max_thr=1  OK

t:0 orig 799.231 ms ok  42.096 MFlops   1.00 x BWD_WB --dir=BWD_WB mb8ic32ih13oc48oh13kh3ph1nminisx:conv3
t:1 sx3 719.517 ms ok  46.760 MFlops   1.11 x BWD_WB --dir=BWD_WB mb8ic32ih13oc48oh13kh3ph1nminisx:conv3
t:2 sx4 57.831 ms ok 581.775 MFlops  13.82 x BWD_WB --dir=BWD_WB mb8ic32ih13oc48oh13kh3ph1nminisx:conv3
t:3 ref3 662.256 ms ok  50.803 MFlops   1.21 x BWD_WB --dir=BWD_WB mb8ic32ih13oc48oh13kh3ph1nminisx:conv3
t:4 ref4 157.559 ms ok 213.536 MFlops   5.07 x BWD_WB --dir=BWD_WB mb8ic32ih13oc48oh13kh3ph1nminisx:conv3
 TEST all_passed=1 0:PASSED __REPRO:     3.4e+07 ops BWD_WB --dir=BWD_WB mb8ic32ih13oc48oh13kh3ph1nminisx:conv3
T:0  orig   loops: 1   speedup: 1.000 x  wins: 0     tot_ms: 799.231   avg_ms: 799.231  avg speedup: 1.000 x 42.1 Mflops
T:1  sx3    loops: 1   speedup: 1.111 x  wins: 1     tot_ms: 719.517   avg_ms: 719.517  avg speedup: 1.111 x 46.8 Mflops
T:2  sx4    loops: 1   speedup: 13.820x  wins: 2     tot_ms: 57.831    avg_ms: 57.831  avg speedup: 13.820 x 581.8 Mflops
T:3  ref3   loops: 1   speedup: 1.207 x  wins: 1     tot_ms: 662.256   avg_ms: 662.256  avg speedup: 1.207 x 50.8 Mflops
T:4  ref4   loops: 1   speedup: 5.073 x  wins: 2     tot_ms: 157.559   avg_ms: 157.559  avg speedup: 5.073 x 213.5 Mflops
TEST final stats:
T:0  orig   loops: 1   speedup: 1.000 x  wins: 0     tot_ms: 799.231   avg_ms: 799.231  avg speedup: 1.000 x 42.1 Mflops
T:1  sx3    loops: 1   speedup: 1.111 x  wins: 1     tot_ms: 719.517   avg_ms: 719.517  avg speedup: 1.111 x 46.8 Mflops
T:2  sx4    loops: 1   speedup: 13.820x  wins: 2     tot_ms: 57.831    avg_ms: 57.831  avg speedup: 13.820 x 581.8 Mflops
T:3  ref3   loops: 1   speedup: 1.207 x  wins: 1     tot_ms: 662.256   avg_ms: 662.256  avg speedup: 1.207 x 50.8 Mflops
T:4  ref4   loops: 1   speedup: 5.073 x  wins: 2     tot_ms: 157.559   avg_ms: 157.559  avg speedup: 5.073 x 213.5 Mflops
tests:1 impls:1 passed:0 skipped:0 mistrusted:1 unimplemented:0 failed:0 test_fail: 0

     ******  Program Information  ******
  Real Time (sec)               :             5.692368
  User Time (sec)               :             7.740904
  Sys  Time (sec)               :             0.015643
  Vector Time (sec)             :             5.386360
  Inst. Count                   :           1315495562.
  V. Inst. Count                :            273003557.
  V. Element Count              :          31834211175.
  V. Load Element Count         :           3271025406.
  FLOP Count                    :           2957054372.
  MOPS                          :          4247.140021
  MFLOPS                        :           382.003752
  MOPS   (concurrent)           :          5792.319787
  MFLOPS (concurrent)           :           520.983033
  A. V. Length                  :           116.607313
  V. Op. Ratio (%)              :            96.829086
  Memory Size (MB)              :           448.000000
  Max Concurrent Proc.          :                    4.
    Conc. Time(>= 1) (sec)      :             5.675913
    Conc. Time(>= 2) (sec)      :             0.694936
    Conc. Time(>= 3) (sec)      :             0.691933
    Conc. Time(>= 4) (sec)      :             0.678126
  Event Busy Count              :                    0.
  Event Wait (sec)              :             0.000000
  Lock Busy Count               :                    4.
  Lock Wait (sec)               :             0.000952
  Barrier Busy Count            :                    0.
  Barrier Wait (sec)            :             0.000000
  MIPS                          :           169.940819
  MIPS (concurrent)             :           231.768098
  I-Cache (sec)                 :             0.001589
  O-Cache (sec)                 :             0.129480
  Bank Conflict Time
    CPU Port Conf. (sec)        :             0.003137
    Memory Network Conf. (sec)  :             0.492763
  ADB Hit Element Ratio (%)     :             0.000000

  Start Time (date)    :  Fri Dec 15 13:55:26 GMT 2017
  End   Time (date)    :  Fri Dec 15 13:55:31 GMT 2017

real        5.7
user        7.7
sys         0.0
