THREADS  : 
cmd      :  /usr/bin/time -v ./benchdnn --mode=PT --dir=BWD_D g1mb8ic32ih13oc48oh13kh3ph1n"minisx:conv3" 
/usr/uhome/aurora/4gi/nlabhpg/wrk/simd/gen-dnn/build-sx/tests/benchdnn
total 34249
drwxr-srwx    6 nlabhpg  4gi           36864 Dec 15 13:16 CMakeFiles
-rw-r--r--    1 nlabhpg  4gi             344 Dec 15 13:16 CTestTestfile.cmake
-rw-r--r--    1 nlabhpg  4gi           38447 Dec 15 13:16 Makefile
-rwxr-xr-x    1 nlabhpg  4gi        17184845 Dec 15 13:53 benchdnn
-rw-r--r--    1 nlabhpg  4gi             887 Dec 15 13:16 cmake_install.cmake
-rw-r--r--    1 nlabhpg  4gi          162261 Dec 15 13:55 ftrace.out
drwxrwsrwx    2 nlabhpg  4gi          110592 Dec 15 13:55 inputs
 /usr/uhome/aurora/4gi/nlabhpg/wrk/simd/gen-dnn/build-sx/tests/benchdnn inputs:
COLUMN ... cat
 conv_alexnet conv_all conv_dilated conv_googlenet_v1
 conv_googlenet_v2 conv_googlenet_v3 conv_regression_dilate conv_regression_group
 conv_regression_padding conv_regression_small_spatial conv_regression_stride conv_resnet_50
 conv_resnet_50_sparse conv_segnet conv_ssd_300_voc0712 conv_vgg_11
 conv_vgg_19 deepbench deepbench_inference_device deepbench_inference_server
 deepbench_training minialex test_bwd_d_regression test_bwd_w_regression
 test_conv_all test_conv_regression test_fwd_regression
benchdnn --conv --mode=PERF+TEST -v0 ... init omp_max_thr=1  OK

t:0 orig 4 s ok   8.929 MFlops   1.00 x BWD_D --dir=BWD_D mb8ic32ih13oc48oh13kh3ph1nminisx:conv3
t:1 sx3 34.001 ms ok 989.517 MFlops 110.82 x BWD_D --dir=BWD_D mb8ic32ih13oc48oh13kh3ph1nminisx:conv3
t:2 sx4 219.652 ms ok 153.172 MFlops  17.15 x BWD_D --dir=BWD_D mb8ic32ih13oc48oh13kh3ph1nminisx:conv3
t:3 ref3 3 s ok  11.774 MFlops   1.32 x BWD_D --dir=BWD_D mb8ic32ih13oc48oh13kh3ph1nminisx:conv3
t:4 ref4 767.738 ms ok  43.823 MFlops   4.91 x BWD_D --dir=BWD_D mb8ic32ih13oc48oh13kh3ph1nminisx:conv3
 TEST all_passed=1 0:PASSED __REPRO:     3.4e+07 ops BWD_D --dir=BWD_D mb8ic32ih13oc48oh13kh3ph1nminisx:conv3
T:0  orig   loops: 1   speedup: 1.000 x  wins: 0     tot_ms: 3768.027  avg_ms: 3768.027  avg speedup: 1.000 x 8.9 Mflops
T:1  sx3    loops: 1   speedup: 110.821x  wins: 1     tot_ms: 34.001    avg_ms: 34.001  avg speedup: 110.821 x 989.5 Mflops
T:2  sx4    loops: 1   speedup: 17.155x  wins: 0     tot_ms: 219.652   avg_ms: 219.652  avg speedup: 17.155 x 153.2 Mflops
T:3  ref3   loops: 1   speedup: 1.319 x  wins: -1    tot_ms: 2857.522  avg_ms: 2857.522  avg speedup: 1.319 x 11.8 Mflops
T:4  ref4   loops: 1   speedup: 4.908 x  wins: 0     tot_ms: 767.738   avg_ms: 767.738  avg speedup: 4.908 x 43.8 Mflops
TEST final stats:
T:0  orig   loops: 1   speedup: 1.000 x  wins: 0     tot_ms: 3768.027  avg_ms: 3768.027  avg speedup: 1.000 x 8.9 Mflops
T:1  sx3    loops: 1   speedup: 110.821x  wins: 1     tot_ms: 34.001    avg_ms: 34.001  avg speedup: 110.821 x 989.5 Mflops
T:2  sx4    loops: 1   speedup: 17.155x  wins: 0     tot_ms: 219.652   avg_ms: 219.652  avg speedup: 17.155 x 153.2 Mflops
T:3  ref3   loops: 1   speedup: 1.319 x  wins: -1    tot_ms: 2857.522  avg_ms: 2857.522  avg speedup: 1.319 x 11.8 Mflops
T:4  ref4   loops: 1   speedup: 4.908 x  wins: 0     tot_ms: 767.738   avg_ms: 767.738  avg speedup: 4.908 x 43.8 Mflops
tests:1 impls:1 passed:0 skipped:0 mistrusted:1 unimplemented:0 failed:0 test_fail: 0

     ******  Program Information  ******
  Real Time (sec)               :            19.254109
  User Time (sec)               :            24.798161
  Sys  Time (sec)               :             0.017488
  Vector Time (sec)             :            16.468669
  Inst. Count                   :           4664355912.
  V. Inst. Count                :            990629631.
  V. Element Count              :         103867769981.
  V. Load Element Count         :           8330872707.
  FLOP Count                    :           8696131065.
  MOPS                          :          4336.672234
  MFLOPS                        :           350.676450
  MOPS   (concurrent)           :          5589.950178
  MFLOPS (concurrent)           :           452.020300
  A. V. Length                  :           104.850256
  V. Op. Ratio (%)              :            96.583899
  Memory Size (MB)              :           448.000000
  Max Concurrent Proc.          :                    4.
    Conc. Time(>= 1) (sec)      :            19.238364
    Conc. Time(>= 2) (sec)      :             1.858780
    Conc. Time(>= 3) (sec)      :             1.856449
    Conc. Time(>= 4) (sec)      :             1.844574
  Event Busy Count              :                    0.
  Event Wait (sec)              :             0.000000
  Lock Busy Count               :                    4.
  Lock Wait (sec)               :             0.002645
  Barrier Busy Count            :                    0.
  Barrier Wait (sec)            :             0.000000
  MIPS                          :           188.092815
  MIPS (concurrent)             :           242.450757
  I-Cache (sec)                 :             0.002148
  O-Cache (sec)                 :             0.388788
  Bank Conflict Time
    CPU Port Conf. (sec)        :             0.004331
    Memory Network Conf. (sec)  :             0.842180
  ADB Hit Element Ratio (%)     :             0.000000

  Start Time (date)    :  Fri Dec 15 13:55:06 GMT 2017
  End   Time (date)    :  Fri Dec 15 13:55:25 GMT 2017

real       19.2
user       24.7
sys         0.0
