[ 29%] Built target mkldnn
[ 30%] Built target simple-net-c
[ 31%] Built target simple-net-cpp
[ 31%] Built target simple-training-net-c
[ 32%] Built target simple-training-net-cpp
[ 32%] Built target api-c
[ 33%] Built target api-io-c
[ 35%] Built target test_c_symbols-c
[ 36%] Built target mkldnn_gtest
[ 38%] Built target test_batch_normalization
[ 39%] Built target test_concat
[ 41%] Built target test_convolution_backward_data_f32
[ 43%] Built target test_convolution_backward_data_s16s16s32
[ 45%] Built target test_convolution_backward_weights
[ 46%] Built target test_convolution_format_any
[ 48%] Built target test_convolution_forward_f32
[ 50%] Built target test_convolution_forward_s16s16s32
[ 52%] Built target test_convolution_relu_forward_f32
[ 53%] Built target test_convolution_relu_forward_s16s16s32
[ 55%] Built target test_eltwise
[ 57%] Built target test_iface_attr
[ 58%] Built target test_inner_product_backward_data
[ 60%] Built target test_inner_product_backward_weights
[ 62%] Built target test_inner_product_forward
[ 64%] Built target test_lrn_backward
[ 65%] Built target test_lrn_forward
[ 67%] Built target test_pooling_backward
[ 69%] Built target test_pooling_forward
[ 70%] Built target test_relu
[ 72%] Built target test_reorder
[ 74%] Built target test_softmax_forward
[ 76%] Built target test_sum
[100%] Built target benchdnn
THREADS  : 
cmd      :  /usr/bin/time -v ./benchdnn --mode=PT --dir=BWD_D g1mb8ic256ih13oc384oh13kh3ph1n"mini:conv3" 
/home/kruus/w/gen-dnn/build/tests/benchdnn
total 304
-rwxrwxr-x 1 kruus kruus 257272 Dec 14 18:32 benchdnn
drwxrwxr-x 6 kruus kruus   4096 Dec 14 18:25 CMakeFiles
-rw-rw-r-- 1 kruus kruus   1017 Dec 14 18:25 cmake_install.cmake
-rw-rw-r-- 1 kruus kruus    291 Dec 14 18:25 CTestTestfile.cmake
drwxrwxr-x 2 kruus kruus   4096 Dec 14 18:25 inputs
-rw-rw-r-- 1 kruus kruus  34759 Dec 14 18:25 Makefile
 /home/kruus/w/gen-dnn/build/tests/benchdnn inputs:
COLUMN ... column -t
conv_alexnet             conv_all                       conv_dilated                conv_googlenet_v1
conv_googlenet_v2        conv_googlenet_v3              conv_regression_dilate      conv_regression_group
conv_regression_padding  conv_regression_small_spatial  conv_regression_stride      conv_resnet_50
conv_resnet_50_sparse    conv_segnet                    conv_ssd_300_voc0712        conv_vgg_11
conv_vgg_19              deepbench                      deepbench_inference_device  deepbench_inference_server
deepbench_training       minialex                       test_bwd_d_regression       test_bwd_w_regression
test_conv_all            test_conv_regression           test_fwd_regression
benchdnn --conv --mode=PERF+TEST -v0 ... init omp_max_thr=2  OK

t:0 orig            22 s ok  99.049 MFlops   1.00 x BWD_D --dir=BWD_D mb8ic256ih13oc384oh13kh3ph1nmini:conv3
t:1 sx3              2 s ok   1.038 GFlops  10.48 x BWD_D --dir=BWD_D mb8ic256ih13oc384oh13kh3ph1nmini:conv3
t:2 sx4              2 s ok 891.648 MFlops   9.00 x BWD_D --dir=BWD_D mb8ic256ih13oc384oh13kh3ph1nmini:conv3
t:3 ref3             3 s ok 810.528 MFlops   8.18 x BWD_D --dir=BWD_D mb8ic256ih13oc384oh13kh3ph1nmini:conv3
t:4 ref4             8 s ok 279.183 MFlops   2.82 x BWD_D --dir=BWD_D mb8ic256ih13oc384oh13kh3ph1nmini:conv3
 TEST all_passed=1 0:PASSED __REPRO:     2.2e+09 ops BWD_D --dir=BWD_D mb8ic256ih13oc384oh13kh3ph1nmini:conv3
T:0  orig   loops: 1   speedup: 1.000 x  wins: 0     tot_ms: 21739.330  avg_ms: 21739.330  avg speedup: 1.000 x 99.0 Mflops
T:1  sx3    loops: 1   speedup: 10.476x  wins: 1     tot_ms: 2075.184  avg_ms: 2075.184  avg speedup: 10.476 x 1037.6 Mflops
T:2  sx4    loops: 1   speedup: 9.002 x  wins: 0     tot_ms: 2414.912  avg_ms: 2414.912  avg speedup: 9.002 x 891.6 Mflops
T:3  ref3   loops: 1   speedup: 8.183 x  wins: -1    tot_ms: 2656.604  avg_ms: 2656.604  avg speedup: 8.183 x 810.5 Mflops
T:4  ref4   loops: 1   speedup: 2.819 x  wins: -2    tot_ms: 7712.698  avg_ms: 7712.698  avg speedup: 2.819 x 279.2 Mflops
TEST final stats:
T:0  orig   loops: 1   speedup: 1.000 x  wins: 0     tot_ms: 21739.330  avg_ms: 21739.330  avg speedup: 1.000 x 99.0 Mflops
T:1  sx3    loops: 1   speedup: 10.476x  wins: 1     tot_ms: 2075.184  avg_ms: 2075.184  avg speedup: 10.476 x 1037.6 Mflops
T:2  sx4    loops: 1   speedup: 9.002 x  wins: 0     tot_ms: 2414.912  avg_ms: 2414.912  avg speedup: 9.002 x 891.6 Mflops
T:3  ref3   loops: 1   speedup: 8.183 x  wins: -1    tot_ms: 2656.604  avg_ms: 2656.604  avg speedup: 8.183 x 810.5 Mflops
T:4  ref4   loops: 1   speedup: 2.819 x  wins: -2    tot_ms: 7712.698  avg_ms: 7712.698  avg speedup: 2.819 x 279.2 Mflops
tests:1 impls:1 passed:0 skipped:0 mistrusted:1 unimplemented:0 failed:0 test_fail: 0
	Command being timed: "./benchdnn --mode=PT --dir=BWD_D g1mb8ic256ih13oc384oh13kh3ph1nmini:conv3"
	User time (seconds): 189.76
	System time (seconds): 0.17
	Percent of CPU this job got: 199%
	Elapsed (wall clock) time (h:mm:ss or m:ss): 1:35.06
	Average shared text size (kbytes): 0
	Average unshared data size (kbytes): 0
	Average stack size (kbytes): 0
	Average total size (kbytes): 0
	Maximum resident set size (kbytes): 33632
	Average resident set size (kbytes): 0
	Major (requiring I/O) page faults: 0
	Minor (reclaiming a frame) page faults: 1011
	Voluntary context switches: 3
	Involuntary context switches: 18275
	Swaps: 0
	File system inputs: 0
	File system outputs: 16
	Socket messages sent: 0
	Socket messages received: 0
	Signals delivered: 0
	Page size (bytes): 4096
	Exit status: 0
