[ 23%] Built target mkldnn
[ 25%] Built target simple-training-net-c
[ 26%] Built target simple-net-c
[ 27%] Built target simple-net-cpp
[ 28%] Built target simple-training-net-cpp
[ 29%] Built target api-c
[ 31%] Built target test_c_symbols-c
[ 32%] Built target api-io-c
[ 35%] Built target mkldnn_gtest
[ 37%] Built target test_convolution_backward_weights
[ 39%] Built target test_lrn_forward
[ 41%] Built target test_sum
[ 43%] Built target test_relu
[ 45%] Built target test_lrn_backward
[ 47%] Built target test_softmax_forward
[ 49%] Built target test_eltwise
[ 51%] Built target test_convolution_relu_forward_s16s16s32
[ 53%] Built target test_inner_product_backward_weights
[ 54%] Built target test_iface_attr
[ 56%] Built target test_concat
[ 58%] Built target test_convolution_backward_data_f32
[ 60%] Built target test_pooling_backward
[ 62%] Built target test_batch_normalization
[ 64%] Built target test_reorder
[ 67%] Built target test_convolution_format_any
[ 69%] Built target test_inner_product_forward
[ 71%] Built target test_pooling_forward
[ 73%] Built target test_inner_product_backward_data
[ 75%] Built target test_convolution_forward_f32
[ 77%] Built target test_convolution_forward_s16s16s32
[ 79%] Built target test_convolution_relu_forward_f32
[ 81%] Built target test_convolution_backward_data_s16s16s32
[100%] Built target benchdnn
THREADS  : 
cmd      :  /usr/bin/time -v ./benchdnn --mode=PT --dir=BWD_WB g1mb8ic256ih13oc384oh13kh3ph1n"mini:conv3" 
/home/kruus/w/gen-dnn/build/tests/benchdnn
total 304
-rwxrwxr-x 1 kruus kruus 257112 Dec 14 02:30 benchdnn
drwxrwxr-x 6 kruus kruus   4096 Dec 14 00:06 CMakeFiles
-rw-rw-r-- 1 kruus kruus   1017 Dec 14 00:06 cmake_install.cmake
-rw-rw-r-- 1 kruus kruus    291 Dec 14 00:06 CTestTestfile.cmake
drwxrwxr-x 2 kruus kruus   4096 Dec 14 00:06 inputs
-rw-rw-r-- 1 kruus kruus  34857 Dec 14 00:06 Makefile
 /home/kruus/w/gen-dnn/build/tests/benchdnn inputs:
COLUMN ... column -t
conv_alexnet             conv_all                       conv_dilated                conv_googlenet_v1
conv_googlenet_v2        conv_googlenet_v3              conv_regression_dilate      conv_regression_group
conv_regression_padding  conv_regression_small_spatial  conv_regression_stride      conv_resnet_50
conv_resnet_50_sparse    conv_segnet                    conv_ssd_300_voc0712        conv_vgg_11
conv_vgg_19              deepbench                      deepbench_inference_device  deepbench_inference_server
deepbench_training       minialex                       test_bwd_d_regression       test_bwd_w_regression
test_conv_all            test_conv_regression           test_fwd_regression
benchdnn --conv --mode=PERF+TEST -v0 ... init omp_max_thr=4  OK

Test0 orig              3 s CORRECT   2.2e+09 ops 820.254 MFlops BWD_WB --dir=BWD_WB mb8ic256ih13oc384oh13kh3ph1nmini:conv3
Test1 sx3        390.774 ms CORRECT   2.2e+09 ops   5.510 GFlops BWD_WB --dir=BWD_WB mb8ic256ih13oc384oh13kh3ph1nmini:conv3
Test2 sx4               3 s CORRECT   2.2e+09 ops 696.766 MFlops BWD_WB --dir=BWD_WB mb8ic256ih13oc384oh13kh3ph1nmini:conv3
Test3 ref3       668.599 ms CORRECT   2.2e+09 ops   3.221 GFlops BWD_WB --dir=BWD_WB mb8ic256ih13oc384oh13kh3ph1nmini:conv3
Test4 ref4       182.575 ms CORRECT   2.2e+09 ops  11.794 GFlops BWD_WB --dir=BWD_WB mb8ic256ih13oc384oh13kh3ph1nmini:conv3
 TEST all_passed=1 0:PASSED __REPRO: --dir=BWD_WB mb8ic256ih13oc384oh13kh3ph1nmini:conv3
T:0  orig   loops: 1   speedup: 1.000 x  wins: 0     tot_ms: 2625.103  avg_ms: 2625.103  avg speedup: 1.000 x 820.3 Mflops
T:1  sx3    loops: 1   speedup: 6.718 x  wins: 1     tot_ms: 390.774   avg_ms: 390.774  avg speedup: 6.718 x 5510.2 Mflops
T:2  sx4    loops: 1   speedup: 0.849 x  wins: -2    tot_ms: 3090.351  avg_ms: 3090.351  avg speedup: 0.849 x 696.8 Mflops
T:3  ref3   loops: 1   speedup: 3.926 x  wins: 1     tot_ms: 668.599   avg_ms: 668.599  avg speedup: 3.926 x 3220.5 Mflops
T:4  ref4   loops: 1   speedup: 14.378x  wins: 4     tot_ms: 182.575   avg_ms: 182.575  avg speedup: 14.378 x 11793.8 Mflops
TEST final stats:
T:0  orig   loops: 1   speedup: 1.000 x  wins: 0     tot_ms: 2625.103  avg_ms: 2625.103  avg speedup: 1.000 x 820.3 Mflops
T:1  sx3    loops: 1   speedup: 6.718 x  wins: 1     tot_ms: 390.774   avg_ms: 390.774  avg speedup: 6.718 x 5510.2 Mflops
T:2  sx4    loops: 1   speedup: 0.849 x  wins: -2    tot_ms: 3090.351  avg_ms: 3090.351  avg speedup: 0.849 x 696.8 Mflops
T:3  ref3   loops: 1   speedup: 3.926 x  wins: 1     tot_ms: 668.599   avg_ms: 668.599  avg speedup: 3.926 x 3220.5 Mflops
T:4  ref4   loops: 1   speedup: 14.378x  wins: 4     tot_ms: 182.575   avg_ms: 182.575  avg speedup: 14.378 x 11793.8 Mflops
tests:1 impls:1 passed:0 skipped:0 mistrusted:1 unimplemented:0 failed:0 test_fail: 0
	Command being timed: "./benchdnn --mode=PT --dir=BWD_WB g1mb8ic256ih13oc384oh13kh3ph1nmini:conv3"
	User time (seconds): 55.67
	System time (seconds): 0.12
	Percent of CPU this job got: 329%
	Elapsed (wall clock) time (h:mm:ss or m:ss): 0:16.95
	Average shared text size (kbytes): 0
	Average unshared data size (kbytes): 0
	Average stack size (kbytes): 0
	Average total size (kbytes): 0
	Maximum resident set size (kbytes): 39812
	Average resident set size (kbytes): 0
	Major (requiring I/O) page faults: 0
	Minor (reclaiming a frame) page faults: 1100
	Voluntary context switches: 24
	Involuntary context switches: 67198
	Swaps: 0
	File system inputs: 0
	File system outputs: 8
	Socket messages sent: 0
	Socket messages received: 0
	Signals delivered: 0
	Page size (bytes): 4096
	Exit status: 0
