[ 23%] Built target mkldnn
[ 24%] Built target simple-training-net-cpp
[ 26%] Built target simple-training-net-c
[ 27%] Built target simple-net-cpp
[ 28%] Built target simple-net-c
[ 29%] Built target api-io-c
[ 31%] Built target test_c_symbols-c
[ 32%] Built target api-c
[ 35%] Built target mkldnn_gtest
[ 36%] Built target test_iface_attr
[ 38%] Built target test_sum
[ 40%] Built target test_lrn_forward
[ 42%] Built target test_convolution_relu_forward_s16s16s32
[ 44%] Built target test_reorder
[ 46%] Built target test_concat
[ 48%] Built target test_convolution_backward_data_f32
[ 50%] Built target test_softmax_forward
[ 52%] Built target test_convolution_backward_weights
[ 54%] Built target test_relu
[ 56%] Built target test_eltwise
[ 58%] Built target test_pooling_forward
[ 60%] Built target test_pooling_backward
[ 62%] Built target test_batch_normalization
[ 64%] Built target test_lrn_backward
[ 67%] Built target test_inner_product_backward_weights
[ 69%] Built target test_convolution_format_any
[ 71%] Built target test_inner_product_forward
[ 73%] Built target test_inner_product_backward_data
[ 75%] Built target test_convolution_forward_f32
[ 77%] Built target test_convolution_forward_s16s16s32
[ 79%] Built target test_convolution_relu_forward_f32
[ 81%] Built target test_convolution_backward_data_s16s16s32
[100%] Built target benchdnn
THREADS  : OMP_NUM_THREADS=1
cmd      : OMP_NUM_THREADS=1 C_PROGINF=DETAIL /usr/bin/time -v ve_exec ./benchdnn --mode=PT --dir=BWD_WB g1mb8ic256ih13oc384oh13kh3ph1n"mini:conv3" 
/usr/uhome/aurora/4gi/nlabhpg/malon/aurora/master/build/tests/benchdnn
total 11348
-rwxr-xr-x. 1 nlabhpg 4gi 11431240 Dec 19 03:41 benchdnn
drwxr-sr-x. 6 nlabhpg 4gi    36864 Dec 16 06:18 CMakeFiles
-rw-r--r--. 1 nlabhpg 4gi     1073 Dec 16 06:18 cmake_install.cmake
-rw-r--r--. 1 nlabhpg 4gi      347 Dec 16 06:18 CTestTestfile.cmake
drwxr-sr-x. 2 nlabhpg 4gi   110592 Dec 16 06:18 inputs
-rw-r--r--. 1 nlabhpg 4gi    38450 Dec 16 06:18 Makefile
 /usr/uhome/aurora/4gi/nlabhpg/malon/aurora/master/build/tests/benchdnn inputs:
COLUMN ... column -t
conv_alexnet             conv_all                       conv_dilated                conv_googlenet_v1
conv_googlenet_v2        conv_googlenet_v3              conv_regression_dilate      conv_regression_group
conv_regression_padding  conv_regression_small_spatial  conv_regression_stride      conv_resnet_50
conv_resnet_50_sparse    conv_segnet                    conv_ssd_300_voc0712        conv_vgg_11
conv_vgg_19              deepbench                      deepbench_inference_device  deepbench_inference_server
deepbench_training       minialex                       test_bwd_d_regression       test_bwd_w_regression
test_conv_all            test_conv_regression           test_fwd_regression
eval OMP_NUM_THREADS=1 C_PROGINF=DETAIL /usr/bin/time -v ve_exec ./benchdnn --mode=PT --dir=BWD_WB g1mb8ic256ih13oc384oh13kh3ph1n"mini:conv3" 
benchdnn --conv --mode=PERF+TEST -v0 ... init omp_max_thr=1  OK

t:0 orig            16 s ok 136.084 MFlops   1.00 x BWD_WB --dir=BWD_WB mb8ic256ih13oc384oh13kh3ph1nmini:conv3
t:1 sx3             15 s ok 141.347 MFlops   1.04 x BWD_WB --dir=BWD_WB mb8ic256ih13oc384oh13kh3ph1nmini:conv3
t:2 sx4             18 s ok 120.735 MFlops   0.89 x BWD_WB --dir=BWD_WB mb8ic256ih13oc384oh13kh3ph1nmini:conv3
t:3 ref3            14 s ok 151.786 MFlops   1.12 x BWD_WB --dir=BWD_WB mb8ic256ih13oc384oh13kh3ph1nmini:conv3
 TEST all_passed=1 0:PASSED __REPRO:     2.2e+09 ops BWD_WB --dir=BWD_WB mb8ic256ih13oc384oh13kh3ph1nmini:conv3
T:0  orig   loops: 1   speedup: 1.000 x  wins: 0     tot_ms: 15822.971  avg_ms: 15822.971  avg speedup: 1.000 x 8431166929708097962930014415922730392441613352798184276058168330854797425797396204406794943940515256997947121743438311883583810063319426023359587113483657199076557439003959230464.0 Mflops
T:1  sx3    loops: 1   speedup: 1.039 x  wins: 1     tot_ms: 15233.824  avg_ms: 15233.824  avg speedup: 1.039 x 8757230594410798389949638476477127495531500825858331059587446166359512513206761786032974705251712893963618534081916798467583501621402716025700868157566732276529193855429982027776.0 Mflops
T:2  sx4    loops: 1   speedup: 0.887 x  wins: -2    tot_ms: 17834.483  avg_ms: 17834.483  avg speedup: 0.887 x 7480234221108077081946435054409585850771509887522268110491184933924397561722666091472307421047304326555591820693211641113346684338675910167010719586015482344089395286801523933184.0 Mflops
T:3  ref3   loops: 1   speedup: 1.115 x  wins: 3     tot_ms: 14186.087  avg_ms: 14186.087  avg speedup: 1.115 x 9404010435610263470669240073654040900227535168986234524699160720918338536442994472561127807275243571394298707828147223659566887320312741824558121186021493929409065685383418740736.0 Mflops
T:4  NULL   loops: 1   speedup: inf   x  wins: 4     tot_ms: 0.000     avg_ms: 0.000  avg speedup: inf x inf Mflops
TEST final stats:
T:0  orig   loops: 1   speedup: 1.000 x  wins: 0     tot_ms: 15822.971  avg_ms: 15822.971  avg speedup: 1.000 x 8431166929708097962930014415922730392441613352798184276058168330854797425797396204406794943940515256997947121743438311883583810063319426023359587113483657199076557439003959230464.0 Mflops
T:1  sx3    loops: 1   speedup: 1.039 x  wins: 1     tot_ms: 15233.824  avg_ms: 15233.824  avg speedup: 1.039 x 8757230594410798389949638476477127495531500825858331059587446166359512513206761786032974705251712893963618534081916798467583501621402716025700868157566732276529193855429982027776.0 Mflops
T:2  sx4    loops: 1   speedup: 0.887 x  wins: -2    tot_ms: 17834.483  avg_ms: 17834.483  avg speedup: 0.887 x 7480234221108077081946435054409585850771509887522268110491184933924397561722666091472307421047304326555591820693211641113346684338675910167010719586015482344089395286801523933184.0 Mflops
T:3  ref3   loops: 1   speedup: 1.115 x  wins: 3     tot_ms: 14186.087  avg_ms: 14186.087  avg speedup: 1.115 x 9404010435610263470669240073654040900227535168986234524699160720918338536442994472561127807275243571394298707828147223659566887320312741824558121186021493929409065685383418740736.0 Mflops
T:4  NULL   loops: 1   speedup: inf   x  wins: 4     tot_ms: 0.000     avg_ms: 0.000  avg speedup: inf x inf Mflops
tests:1 impls:1 passed:0 skipped:0 mistrusted:1 unimplemented:0 failed:0 test_fail: 0
	Command being timed: "ve_exec ./benchdnn --mode=PT --dir=BWD_WB g1mb8ic256ih13oc384oh13kh3ph1nmini:conv3"
	User time (seconds): 0.01
	System time (seconds): 0.01
	Percent of CPU this job got: 0%
	Elapsed (wall clock) time (h:mm:ss or m:ss): 2:22.87
	Average shared text size (kbytes): 0
	Average unshared data size (kbytes): 0
	Average stack size (kbytes): 0
	Average total size (kbytes): 0
	Maximum resident set size (kbytes): 83200
	Average resident set size (kbytes): 0
	Major (requiring I/O) page faults: 0
	Minor (reclaiming a frame) page faults: 9922
	Voluntary context switches: 805
	Involuntary context switches: 3
	Swaps: 0
	File system inputs: 0
	File system outputs: 48
	Socket messages sent: 0
	Socket messages received: 0
	Signals delivered: 0
	Page size (bytes): 4096
	Exit status: 0
