[ 23%] Built target mkldnn
[ 24%] Built target simple-training-net-cpp
[ 26%] Built target simple-training-net-c
[ 27%] Built target simple-net-cpp
[ 28%] Built target simple-net-c
[ 29%] Built target api-io-c
[ 31%] Built target test_c_symbols-c
[ 32%] Built target api-c
[ 35%] Built target mkldnn_gtest
[ 36%] Built target test_iface_attr
[ 38%] Built target test_sum
[ 40%] Built target test_lrn_forward
[ 42%] Built target test_convolution_relu_forward_s16s16s32
[ 44%] Built target test_reorder
[ 46%] Built target test_concat
[ 48%] Built target test_convolution_backward_data_f32
[ 50%] Built target test_softmax_forward
[ 52%] Built target test_convolution_backward_weights
[ 54%] Built target test_relu
[ 56%] Built target test_eltwise
[ 58%] Built target test_pooling_forward
[ 60%] Built target test_pooling_backward
[ 62%] Built target test_batch_normalization
[ 64%] Built target test_lrn_backward
[ 67%] Built target test_inner_product_backward_weights
[ 69%] Built target test_convolution_format_any
[ 71%] Built target test_inner_product_forward
[ 73%] Built target test_inner_product_backward_data
[ 75%] Built target test_convolution_forward_f32
[ 77%] Built target test_convolution_forward_s16s16s32
[ 79%] Built target test_convolution_relu_forward_f32
[ 81%] Built target test_convolution_backward_data_s16s16s32
[100%] Built target benchdnn
THREADS  : OMP_NUM_THREADS=1
cmd      : OMP_NUM_THREADS=1 C_PROGINF=DETAIL /usr/bin/time -v ve_exec ./benchdnn --mode=PT --dir=FWD_B g1mb8ic256ih13oc384oh13kh3ph1n"mini:conv3" 
/usr/uhome/aurora/4gi/nlabhpg/malon/aurora/master/build/tests/benchdnn
total 11348
-rwxr-xr-x. 1 nlabhpg 4gi 11431240 Dec 19 03:41 benchdnn
drwxr-sr-x. 6 nlabhpg 4gi    36864 Dec 16 06:18 CMakeFiles
-rw-r--r--. 1 nlabhpg 4gi     1073 Dec 16 06:18 cmake_install.cmake
-rw-r--r--. 1 nlabhpg 4gi      347 Dec 16 06:18 CTestTestfile.cmake
drwxr-sr-x. 2 nlabhpg 4gi   110592 Dec 16 06:18 inputs
-rw-r--r--. 1 nlabhpg 4gi    38450 Dec 16 06:18 Makefile
 /usr/uhome/aurora/4gi/nlabhpg/malon/aurora/master/build/tests/benchdnn inputs:
COLUMN ... column -t
conv_alexnet             conv_all                       conv_dilated                conv_googlenet_v1
conv_googlenet_v2        conv_googlenet_v3              conv_regression_dilate      conv_regression_group
conv_regression_padding  conv_regression_small_spatial  conv_regression_stride      conv_resnet_50
conv_resnet_50_sparse    conv_segnet                    conv_ssd_300_voc0712        conv_vgg_11
conv_vgg_19              deepbench                      deepbench_inference_device  deepbench_inference_server
deepbench_training       minialex                       test_bwd_d_regression       test_bwd_w_regression
test_conv_all            test_conv_regression           test_fwd_regression
eval OMP_NUM_THREADS=1 C_PROGINF=DETAIL /usr/bin/time -v ve_exec ./benchdnn --mode=PT --dir=FWD_B g1mb8ic256ih13oc384oh13kh3ph1n"mini:conv3" 
benchdnn --conv --mode=PERF+TEST -v0 ... init omp_max_thr=1  OK

t:0 orig            70 s ok  30.852 MFlops   1.00 x FWD_B mb8ic256ih13oc384oh13kh3ph1nmini:conv3
t:1 sx3       161.736 ms ok  13.313 GFlops 431.52 x FWD_B mb8ic256ih13oc384oh13kh3ph1nmini:conv3
t:2 sx4       191.627 ms ok  11.237 GFlops 364.21 x FWD_B mb8ic256ih13oc384oh13kh3ph1nmini:conv3
t:3 ref3            67 s ok  31.922 MFlops   1.03 x FWD_B mb8ic256ih13oc384oh13kh3ph1nmini:conv3
 TEST all_passed=1 0:PASSED __REPRO:     2.2e+09 ops FWD_B mb8ic256ih13oc384oh13kh3ph1nmini:conv3
T:0  orig   loops: 1   speedup: 1.000 x  wins: 0     tot_ms: 69792.453  avg_ms: 69792.453  avg speedup: 1.000 x 1911468989462965975221325281319386333511117077723999976690391783601010287453507050892490207590186322101871139698445906214988382443978613502029428262499791540913710206086444744704.0 Mflops
T:1  sx3    loops: 1   speedup: 431.521x  wins: 1     tot_ms: 161.736   avg_ms: 161.736  avg speedup: 431.521 x 824838255594255827504139430824529827667812377950704062364449969982649946353359166639549816430498978633524762044100085322534423258649174114094737726561314393824198174501175400857600.0 Mflops
T:2  sx4    loops: 1   speedup: 364.210x  wins: 0     tot_ms: 191.627   avg_ms: 191.627  avg speedup: 364.210 x 696176123477243472089806638850054688231774804424627959929694516550944346122303867122764692303213073503216030939774360811232585877261898925905585897156547290657560447514445478887424.0 Mflops
T:3  ref3   loops: 1   speedup: 1.035 x  wins: -1    tot_ms: 67454.452  avg_ms: 67454.452  avg speedup: 1.035 x 1977721345502770488374120421752303877763632984020715688929662956323916425220673147696700683405147658994966642298091543016460275436534380766140150991979321023665532856592158949376.0 Mflops
T:4  NULL   loops: 1   speedup: inf   x  wins: 4     tot_ms: 0.000     avg_ms: 0.000  avg speedup: inf x inf Mflops
TEST final stats:
T:0  orig   loops: 1   speedup: 1.000 x  wins: 0     tot_ms: 69792.453  avg_ms: 69792.453  avg speedup: 1.000 x 1911468989462965975221325281319386333511117077723999976690391783601010287453507050892490207590186322101871139698445906214988382443978613502029428262499791540913710206086444744704.0 Mflops
T:1  sx3    loops: 1   speedup: 431.521x  wins: 1     tot_ms: 161.736   avg_ms: 161.736  avg speedup: 431.521 x 824838255594255827504139430824529827667812377950704062364449969982649946353359166639549816430498978633524762044100085322534423258649174114094737726561314393824198174501175400857600.0 Mflops
T:2  sx4    loops: 1   speedup: 364.210x  wins: 0     tot_ms: 191.627   avg_ms: 191.627  avg speedup: 364.210 x 696176123477243472089806638850054688231774804424627959929694516550944346122303867122764692303213073503216030939774360811232585877261898925905585897156547290657560447514445478887424.0 Mflops
T:3  ref3   loops: 1   speedup: 1.035 x  wins: -1    tot_ms: 67454.452  avg_ms: 67454.452  avg speedup: 1.035 x 1977721345502770488374120421752303877763632984020715688929662956323916425220673147696700683405147658994966642298091543016460275436534380766140150991979321023665532856592158949376.0 Mflops
T:4  NULL   loops: 1   speedup: inf   x  wins: 4     tot_ms: 0.000     avg_ms: 0.000  avg speedup: inf x inf Mflops
tests:1 impls:1 passed:0 skipped:0 mistrusted:1 unimplemented:0 failed:0 test_fail: 0
	Command being timed: "ve_exec ./benchdnn --mode=PT --dir=FWD_B g1mb8ic256ih13oc384oh13kh3ph1nmini:conv3"
	User time (seconds): 0.00
	System time (seconds): 0.01
	Percent of CPU this job got: 0%
	Elapsed (wall clock) time (h:mm:ss or m:ss): 5:45.66
	Average shared text size (kbytes): 0
	Average unshared data size (kbytes): 0
	Average stack size (kbytes): 0
	Average total size (kbytes): 0
	Maximum resident set size (kbytes): 83208
	Average resident set size (kbytes): 0
	Major (requiring I/O) page faults: 0
	Minor (reclaiming a frame) page faults: 9924
	Voluntary context switches: 765
	Involuntary context switches: 3
	Swaps: 0
	File system inputs: 0
	File system outputs: 32
	Socket messages sent: 0
	Socket messages received: 0
	Signals delivered: 0
	Page size (bytes): 4096
	Exit status: 0
