[ 23%] Built target mkldnn
[ 26%] Built target simple-net-cpp
[ 27%] Built target simple-training-net-c
[ 28%] Built target simple-training-net-cpp
[ 29%] Built target simple-net-c
[ 31%] Built target test_c_symbols-c
[ 32%] Built target api-c
[ 33%] Built target api-io-c
[ 34%] Built target mkldnn_gtest
[ 36%] Built target test_convolution_backward_data_f32
[ 38%] Built target test_convolution_relu_forward_s16s16s32
[ 40%] Built target test_convolution_relu_forward_f32
[ 42%] Built target test_convolution_forward_s16s16s32
[ 44%] Built target test_convolution_forward_f32
[ 46%] Built target test_sum
[ 48%] Built target test_pooling_backward
[ 51%] Built target test_reorder
[ 53%] Built target test_concat
[ 55%] Built target test_lrn_forward
[ 57%] Built target test_softmax_forward
[ 59%] Built target test_relu
[ 61%] Built target test_inner_product_backward_weights
[ 63%] Built target test_convolution_backward_weights
[ 64%] Built target test_lrn_backward
[ 66%] Built target test_iface_attr
[ 68%] Built target test_pooling_forward
[ 70%] Built target test_batch_normalization
[ 72%] Built target test_convolution_backward_data_s16s16s32
[ 75%] Built target test_eltwise
[ 77%] Built target test_inner_product_forward
[ 79%] Built target test_inner_product_backward_data
[ 81%] Built target test_convolution_format_any
[100%] Built target benchdnn
THREADS  : 
cmd      :  /usr/bin/time -v ./benchdnn --mode=PT --dir=FWD_B g1mb8ic256ih13oc384oh13kh3ph1n"mini:conv3"
/local/kruus/sx/sx-dnn/build/tests/benchdnn
total 320
-rwxrwxr-x 1 kruus ML 274376 Dec 13 17:31 benchdnn
drwxrwxr-x 6 kruus ML   4096 Dec 13 16:49 CMakeFiles
-rw-rw-r-- 1 kruus ML   1019 Dec 13 16:49 cmake_install.cmake
-rw-rw-r-- 1 kruus ML    293 Dec 13 16:49 CTestTestfile.cmake
drwxrwxr-x 2 kruus ML   4096 Dec 13 16:49 inputs
-rw-rw-r-- 1 kruus ML  36011 Dec 13 16:49 Makefile
 /local/kruus/sx/sx-dnn/build/tests/benchdnn inputs:
COLUMN ... column -t
conv_alexnet             conv_all                       conv_dilated                conv_googlenet_v1
conv_googlenet_v2        conv_googlenet_v3              conv_regression_dilate      conv_regression_group
conv_regression_padding  conv_regression_small_spatial  conv_regression_stride      conv_resnet_50
conv_resnet_50_sparse    conv_segnet                    conv_ssd_300_voc0712        conv_vgg_11
conv_vgg_19              deepbench                      deepbench_inference_device  deepbench_inference_server
deepbench_training       minialex                       test_bwd_d_regression       test_bwd_w_regression
test_conv_all            test_conv_regression           test_fwd_regression
benchdnn --conv --mode=PERF+TEST -v0 ... init omp_max_thr=12  OK

Test0 orig              3 s CORRECT  2.15325e+09 ops 819.417 MFlops FWD_B mb8ic256ih13oc384oh13kh3ph1nmini:conv3
Test1 sx3         23.255 ms CORRECT  2.15325e+09 ops 92594.465 MFlops FWD_B mb8ic256ih13oc384oh13kh3ph1nmini:conv3
Test2 sx4         23.697 ms CORRECT  2.15325e+09 ops 90865.884 MFlops FWD_B mb8ic256ih13oc384oh13kh3ph1nmini:conv3
Test3 ref3       173.772 ms CORRECT  2.15325e+09 ops 12391.209 MFlops FWD_B mb8ic256ih13oc384oh13kh3ph1nmini:conv3
Test4 ref4       115.949 ms CORRECT  2.15325e+09 ops 18570.637 MFlops FWD_B mb8ic256ih13oc384oh13kh3ph1nmini:conv3
 TEST all_passed=1 0:PASSED __REPRO: mb8ic256ih13oc384oh13kh3ph1nmini:conv3
T:0  orig   loops: 1   speedup: 1.000 x  wins: 0     tot_ms: 2627.784  avg_ms: 2627.784  avg speedup: 1.000 x 819.4 Mflops
T:1  sx3    loops: 1   speedup: 113.000x  wins: 1     tot_ms: 23.255    avg_ms: 23.255  avg speedup: 113.000 x 92594.5 Mflops
T:2  sx4    loops: 1   speedup: 110.891x  wins: 0     tot_ms: 23.697    avg_ms: 23.697  avg speedup: 110.891 x 90865.9 Mflops
T:3  ref3   loops: 1   speedup: 15.122x  wins: -1    tot_ms: 173.772   avg_ms: 173.772  avg speedup: 15.122 x 12391.2 Mflops
T:4  ref4   loops: 1   speedup: 22.663x  wins: 0     tot_ms: 115.949   avg_ms: 115.949  avg speedup: 22.663 x 18570.6 Mflops
TEST final stats:
T:0  orig   loops: 1   speedup: 1.000 x  wins: 0     tot_ms: 2627.784  avg_ms: 2627.784  avg speedup: 1.000 x 819.4 Mflops
T:1  sx3    loops: 1   speedup: 113.000x  wins: 1     tot_ms: 23.255    avg_ms: 23.255  avg speedup: 113.000 x 92594.5 Mflops
T:2  sx4    loops: 1   speedup: 110.891x  wins: 0     tot_ms: 23.697    avg_ms: 23.697  avg speedup: 110.891 x 90865.9 Mflops
T:3  ref3   loops: 1   speedup: 15.122x  wins: -1    tot_ms: 173.772   avg_ms: 173.772  avg speedup: 15.122 x 12391.2 Mflops
T:4  ref4   loops: 1   speedup: 22.663x  wins: 0     tot_ms: 115.949   avg_ms: 115.949  avg speedup: 22.663 x 18570.6 Mflops
tests:1 impls:1 passed:0 skipped:0 mistrusted:1 unimplemented:0 failed:0 test_fail: 0
	Command being timed: "./benchdnn --mode=PT --dir=FWD_B g1mb8ic256ih13oc384oh13kh3ph1nmini:conv3"
	User time (seconds): 98.33
	System time (seconds): 0.21
	Percent of CPU this job got: 1177%
	Elapsed (wall clock) time (h:mm:ss or m:ss): 0:08.37
	Average shared text size (kbytes): 0
	Average unshared data size (kbytes): 0
	Average stack size (kbytes): 0
	Average total size (kbytes): 0
	Maximum resident set size (kbytes): 41088
	Average resident set size (kbytes): 0
	Major (requiring I/O) page faults: 0
	Minor (reclaiming a frame) page faults: 3183
	Voluntary context switches: 82
	Involuntary context switches: 4348
	Swaps: 0
	File system inputs: 0
	File system outputs: 8
	Socket messages sent: 0
	Socket messages received: 0
	Signals delivered: 0
	Page size (bytes): 4096
	Exit status: 0
