[ 23%] Built target mkldnn
[ 25%] Built target simple-training-net-c
[ 26%] Built target simple-net-c
[ 27%] Built target simple-net-cpp
[ 28%] Built target simple-training-net-cpp
[ 29%] Built target api-c
[ 31%] Built target test_c_symbols-c
[ 32%] Built target api-io-c
[ 35%] Built target mkldnn_gtest
[ 37%] Built target test_convolution_backward_weights
[ 39%] Built target test_lrn_forward
[ 41%] Built target test_sum
[ 43%] Built target test_relu
[ 45%] Built target test_lrn_backward
[ 47%] Built target test_softmax_forward
[ 49%] Built target test_eltwise
[ 51%] Built target test_convolution_relu_forward_s16s16s32
[ 53%] Built target test_inner_product_backward_weights
[ 54%] Built target test_iface_attr
[ 56%] Built target test_concat
[ 58%] Built target test_convolution_backward_data_f32
[ 60%] Built target test_pooling_backward
[ 62%] Built target test_batch_normalization
[ 64%] Built target test_reorder
[ 67%] Built target test_convolution_format_any
[ 69%] Built target test_inner_product_forward
[ 71%] Built target test_pooling_forward
[ 73%] Built target test_inner_product_backward_data
[ 75%] Built target test_convolution_forward_f32
[ 77%] Built target test_convolution_forward_s16s16s32
[ 79%] Built target test_convolution_relu_forward_f32
[ 81%] Built target test_convolution_backward_data_s16s16s32
[100%] Built target benchdnn
THREADS  : 
cmd      :  /usr/bin/time -v ./benchdnn --mode=PT --dir=FWD_B  --batch=inputs/minialex
/home/kruus/w/gen-dnn/build/tests/benchdnn
total 304
-rwxrwxr-x 1 kruus kruus 257112 Dec 14 18:17 benchdnn
drwxrwxr-x 6 kruus kruus   4096 Dec 14 18:17 CMakeFiles
-rw-rw-r-- 1 kruus kruus   1017 Dec 14 18:17 cmake_install.cmake
-rw-rw-r-- 1 kruus kruus    291 Dec 14 18:17 CTestTestfile.cmake
drwxrwxr-x 2 kruus kruus   4096 Dec 14 18:17 inputs
-rw-rw-r-- 1 kruus kruus  34857 Dec 14 18:17 Makefile
 /home/kruus/w/gen-dnn/build/tests/benchdnn inputs:
COLUMN ... column -t
conv_alexnet             conv_all                       conv_dilated                conv_googlenet_v1
conv_googlenet_v2        conv_googlenet_v3              conv_regression_dilate      conv_regression_group
conv_regression_padding  conv_regression_small_spatial  conv_regression_stride      conv_resnet_50
conv_resnet_50_sparse    conv_segnet                    conv_ssd_300_voc0712        conv_vgg_11
conv_vgg_19              deepbench                      deepbench_inference_device  deepbench_inference_server
deepbench_training       minialex                       test_bwd_d_regression       test_bwd_w_regression
test_conv_all            test_conv_regression           test_fwd_regression
benchdnn --conv --mode=PERF+TEST -v0 ... init omp_max_thr=4  OK
batch: inputs/minialex ???batch: inputs/minialex OK

t:0 orig             6 s ok 365.293 MFlops   1.00 x FWD_B mb11ic3ih227oc96oh55kh11sh4n"alex-mb16:conv1"
t:1 sx3        79.254 ms ok  29.262 GFlops  80.11 x FWD_B mb11ic3ih227oc96oh55kh11sh4n"alex-mb16:conv1"
t:2 sx4        86.441 ms ok  26.829 GFlops  73.45 x FWD_B mb11ic3ih227oc96oh55kh11sh4n"alex-mb16:conv1"
t:3 ref3      362.370 ms ok   6.400 GFlops  17.52 x FWD_B mb11ic3ih227oc96oh55kh11sh4n"alex-mb16:conv1"
t:4 ref4      429.270 ms ok   5.403 GFlops  14.79 x FWD_B mb11ic3ih227oc96oh55kh11sh4n"alex-mb16:conv1"
 TEST all_passed=1 0:PASSED __REPRO:     2.3e+09 ops FWD_B mb11ic3ih227oc96oh55kh11sh4n"alex-mb16:conv1"
T:0  orig   loops: 1   speedup: 1.000 x  wins: 0     tot_ms: 6348.703  avg_ms: 6348.703  avg speedup: 1.000 x 365.3 Mflops
T:1  sx3    loops: 1   speedup: 80.106x  wins: 1     tot_ms: 79.254    avg_ms: 79.254  avg speedup: 80.106 x 29262.1 Mflops
T:2  sx4    loops: 1   speedup: 73.445x  wins: 0     tot_ms: 86.441    avg_ms: 86.441  avg speedup: 73.445 x 26829.0 Mflops
T:3  ref3   loops: 1   speedup: 17.520x  wins: -1    tot_ms: 362.370   avg_ms: 362.370  avg speedup: 17.520 x 6399.9 Mflops
T:4  ref4   loops: 1   speedup: 14.790x  wins: -2    tot_ms: 429.270   avg_ms: 429.270  avg speedup: 14.790 x 5402.5 Mflops

t:0 orig            12 s ok 365.071 MFlops   1.00 x FWD_B g2mb11ic96ih27oc256oh27kh5ph2n"alex-mb16:conv2"
t:1 sx3       227.047 ms ok  19.814 GFlops  54.27 x FWD_B g2mb11ic96ih27oc256oh27kh5ph2n"alex-mb16:conv2"
t:2 sx4       256.658 ms ok  17.528 GFlops  48.01 x FWD_B g2mb11ic96ih27oc256oh27kh5ph2n"alex-mb16:conv2"
t:3 ref3      846.244 ms ok   5.316 GFlops  14.56 x FWD_B g2mb11ic96ih27oc256oh27kh5ph2n"alex-mb16:conv2"
t:4 ref4      632.399 ms ok   7.114 GFlops  19.49 x FWD_B g2mb11ic96ih27oc256oh27kh5ph2n"alex-mb16:conv2"
 TEST all_passed=1 1:PASSED __REPRO:     4.5e+09 ops FWD_B g2mb11ic96ih27oc256oh27kh5ph2n"alex-mb16:conv2"
T:0  orig   loops: 2   speedup: 1.000 x  wins: 0     tot_ms: 18671.421  avg_ms: 9335.710  avg speedup: 1.000 x 365.1 Mflops
T:1  sx3    loops: 2   speedup: 54.274x  wins: 2     tot_ms: 306.301   avg_ms: 153.150  avg speedup: 60.958 x 22258.5 Mflops
T:2  sx4    loops: 2   speedup: 48.012x  wins: 0     tot_ms: 343.099   avg_ms: 171.550  avg speedup: 54.420 x 19871.2 Mflops
T:3  ref3   loops: 2   speedup: 14.562x  wins: -2    tot_ms: 1208.614  avg_ms: 604.307  avg speedup: 15.449 x 5641.0 Mflops
T:4  ref4   loops: 2   speedup: 19.486x  wins: -2    tot_ms: 1061.669  avg_ms: 530.834  avg speedup: 17.587 x 6421.8 Mflops

t:0 orig             9 s ok 335.464 MFlops   1.00 x FWD_B mb11ic256ih13oc384oh13kh3ph1n"alexnet:conv3"
t:1 sx3        91.790 ms ok  32.255 GFlops  96.15 x FWD_B mb11ic256ih13oc384oh13kh3ph1n"alexnet:conv3"
t:2 sx4        89.087 ms ok  33.234 GFlops  99.07 x FWD_B mb11ic256ih13oc384oh13kh3ph1n"alexnet:conv3"
t:3 ref3      518.523 ms ok   5.710 GFlops  17.02 x FWD_B mb11ic256ih13oc384oh13kh3ph1n"alexnet:conv3"
t:4 ref4      377.734 ms ok   7.838 GFlops  23.36 x FWD_B mb11ic256ih13oc384oh13kh3ph1n"alexnet:conv3"
 TEST all_passed=1 2:PASSED __REPRO:       3e+09 ops FWD_B mb11ic256ih13oc384oh13kh3ph1n"alexnet:conv3"
T:0  orig   loops: 3   speedup: 1.000 x  wins: 0     tot_ms: 27497.163  avg_ms: 9165.721  avg speedup: 1.000 x 355.6 Mflops
T:1  sx3    loops: 3   speedup: 96.152x  wins: 3     tot_ms: 398.090   avg_ms: 132.697  avg speedup: 69.073 x 24563.6 Mflops
T:2  sx4    loops: 3   speedup: 99.069x  wins: 2     tot_ms: 432.186   avg_ms: 144.062  avg speedup: 63.623 x 22625.7 Mflops
T:3  ref3   loops: 3   speedup: 17.021x  wins: -3    tot_ms: 1727.137  avg_ms: 575.712  avg speedup: 15.921 x 5661.7 Mflops
T:4  ref4   loops: 3   speedup: 23.365x  wins: -2    tot_ms: 1439.403  avg_ms: 479.801  avg speedup: 19.103 x 6793.5 Mflops

t:0 orig             7 s ok 336.560 MFlops   1.00 x FWD_B g2mb11ic384ih13oc384oh13kh3ph1n"alex-mb16:conv4"
t:1 sx3        85.174 ms ok  26.071 GFlops  77.46 x FWD_B g2mb11ic384ih13oc384oh13kh3ph1n"alex-mb16:conv4"
t:2 sx4        68.224 ms ok  32.548 GFlops  96.71 x FWD_B g2mb11ic384ih13oc384oh13kh3ph1n"alex-mb16:conv4"
t:3 ref3      416.712 ms ok   5.329 GFlops  15.83 x FWD_B g2mb11ic384ih13oc384oh13kh3ph1n"alex-mb16:conv4"
t:4 ref4      315.171 ms ok   7.046 GFlops  20.93 x FWD_B g2mb11ic384ih13oc384oh13kh3ph1n"alex-mb16:conv4"
 TEST all_passed=1 3:PASSED __REPRO:     2.2e+09 ops FWD_B g2mb11ic384ih13oc384oh13kh3ph1n"alex-mb16:conv4"
T:0  orig   loops: 4   speedup: 1.000 x  wins: 0     tot_ms: 34094.925  avg_ms: 8523.731  avg speedup: 1.000 x 351.9 Mflops
T:1  sx3    loops: 4   speedup: 77.462x  wins: 4     tot_ms: 483.264   avg_ms: 120.816  avg speedup: 70.551 x 24829.2 Mflops
T:2  sx4    loops: 4   speedup: 96.707x  wins: 4     tot_ms: 500.410   avg_ms: 125.102  avg speedup: 68.134 x 23978.5 Mflops
T:3  ref3   loops: 4   speedup: 15.833x  wins: -4    tot_ms: 2143.849  avg_ms: 535.962  avg speedup: 15.904 x 5597.0 Mflops
T:4  ref4   loops: 4   speedup: 20.934x  wins: -2    tot_ms: 1754.574  avg_ms: 438.643  avg speedup: 19.432 x 6838.7 Mflops
TEST final stats:
T:0  orig   loops: 4   speedup: 1.000 x  wins: 0     tot_ms: 34094.925  avg_ms: 8523.731  avg speedup: 1.000 x 351.9 Mflops
T:1  sx3    loops: 4   speedup: 77.462x  wins: 4     tot_ms: 483.264   avg_ms: 120.816  avg speedup: 70.551 x 24829.2 Mflops
T:2  sx4    loops: 4   speedup: 96.707x  wins: 4     tot_ms: 500.410   avg_ms: 125.102  avg speedup: 68.134 x 23978.5 Mflops
T:3  ref3   loops: 4   speedup: 15.833x  wins: -4    tot_ms: 2143.849  avg_ms: 535.962  avg speedup: 15.904 x 5597.0 Mflops
T:4  ref4   loops: 4   speedup: 20.934x  wins: -2    tot_ms: 1754.574  avg_ms: 438.643  avg speedup: 19.432 x 6838.7 Mflops
tests:4 impls:4 passed:0 skipped:0 mistrusted:4 unimplemented:0 failed:0 test_fail: 0
	Command being timed: "./benchdnn --mode=PT --dir=FWD_B --batch=inputs/minialex"
	User time (seconds): 366.56
	System time (seconds): 0.46
	Percent of CPU this job got: 323%
	Elapsed (wall clock) time (h:mm:ss or m:ss): 1:53.31
	Average shared text size (kbytes): 0
	Average unshared data size (kbytes): 0
	Average stack size (kbytes): 0
	Average total size (kbytes): 0
	Maximum resident set size (kbytes): 81104
	Average resident set size (kbytes): 0
	Major (requiring I/O) page faults: 0
	Minor (reclaiming a frame) page faults: 5674
	Voluntary context switches: 52
	Involuntary context switches: 430111
	Swaps: 0
	File system inputs: 0
	File system outputs: 40
	Socket messages sent: 0
	Socket messages received: 0
	Signals delivered: 0
	Page size (bytes): 4096
	Exit status: 0
