[ 29%] Built target mkldnn
[ 30%] Built target simple-net-c
[ 31%] Built target simple-net-cpp
[ 31%] Built target simple-training-net-c
[ 32%] Built target simple-training-net-cpp
[ 32%] Built target api-c
[ 33%] Built target api-io-c
[ 35%] Built target test_c_symbols-c
[ 36%] Built target mkldnn_gtest
[ 38%] Built target test_batch_normalization
[ 39%] Built target test_concat
[ 41%] Built target test_convolution_backward_data_f32
[ 43%] Built target test_convolution_backward_data_s16s16s32
[ 45%] Built target test_convolution_backward_weights
[ 46%] Built target test_convolution_format_any
[ 48%] Built target test_convolution_forward_f32
[ 50%] Built target test_convolution_forward_s16s16s32
[ 52%] Built target test_convolution_relu_forward_f32
[ 53%] Built target test_convolution_relu_forward_s16s16s32
[ 55%] Built target test_eltwise
[ 57%] Built target test_iface_attr
[ 58%] Built target test_inner_product_backward_data
[ 60%] Built target test_inner_product_backward_weights
[ 62%] Built target test_inner_product_forward
[ 64%] Built target test_lrn_backward
[ 65%] Built target test_lrn_forward
[ 67%] Built target test_pooling_backward
[ 69%] Built target test_pooling_forward
[ 70%] Built target test_relu
[ 72%] Built target test_reorder
[ 74%] Built target test_softmax_forward
[ 76%] Built target test_sum
[100%] Built target benchdnn
THREADS  : 
cmd      :  /usr/bin/time -v ./benchdnn --mode=PT --dir=BWD_WB  --batch=inputs/minialex
/home/kruus/w/gen-dnn/build/tests/benchdnn
total 304
-rwxrwxr-x 1 kruus kruus 257272 Dec 14 18:32 benchdnn
drwxrwxr-x 6 kruus kruus   4096 Dec 14 18:25 CMakeFiles
-rw-rw-r-- 1 kruus kruus   1017 Dec 14 18:25 cmake_install.cmake
-rw-rw-r-- 1 kruus kruus    291 Dec 14 18:25 CTestTestfile.cmake
drwxrwxr-x 2 kruus kruus   4096 Dec 14 18:25 inputs
-rw-rw-r-- 1 kruus kruus  34759 Dec 14 18:25 Makefile
 /home/kruus/w/gen-dnn/build/tests/benchdnn inputs:
COLUMN ... column -t
conv_alexnet             conv_all                       conv_dilated                conv_googlenet_v1
conv_googlenet_v2        conv_googlenet_v3              conv_regression_dilate      conv_regression_group
conv_regression_padding  conv_regression_small_spatial  conv_regression_stride      conv_resnet_50
conv_resnet_50_sparse    conv_segnet                    conv_ssd_300_voc0712        conv_vgg_11
conv_vgg_19              deepbench                      deepbench_inference_device  deepbench_inference_server
deepbench_training       minialex                       test_bwd_d_regression       test_bwd_w_regression
test_conv_all            test_conv_regression           test_fwd_regression
benchdnn --conv --mode=PERF+TEST -v0 ... init omp_max_thr=2  OK
batch: inputs/minialex ???batch: inputs/minialex OK

t:0 orig            10 s ok 224.974 MFlops   1.00 x BWD_WB --dir=BWD_WB mb11ic3ih227oc96oh55kh11sh4n"alex-mb16:conv1"
t:1 sx3              2 s ok   1.423 GFlops   6.32 x BWD_WB --dir=BWD_WB mb11ic3ih227oc96oh55kh11sh4n"alex-mb16:conv1"
t:2 sx4              5 s ok 444.942 MFlops   1.98 x BWD_WB --dir=BWD_WB mb11ic3ih227oc96oh55kh11sh4n"alex-mb16:conv1"
t:3 ref3             2 s ok   1.389 GFlops   6.17 x BWD_WB --dir=BWD_WB mb11ic3ih227oc96oh55kh11sh4n"alex-mb16:conv1"
t:4 ref4             4 s ok 621.318 MFlops   2.76 x BWD_WB --dir=BWD_WB mb11ic3ih227oc96oh55kh11sh4n"alex-mb16:conv1"
 TEST all_passed=1 0:PASSED __REPRO:     2.3e+09 ops BWD_WB --dir=BWD_WB mb11ic3ih227oc96oh55kh11sh4n"alex-mb16:conv1"
T:0  orig   loops: 1   speedup: 1.000 x  wins: 0     tot_ms: 10308.433  avg_ms: 10308.433  avg speedup: 1.000 x 225.0 Mflops
T:1  sx3    loops: 1   speedup: 6.323 x  wins: 1     tot_ms: 1630.228  avg_ms: 1630.228  avg speedup: 6.323 x 1422.6 Mflops
T:2  sx4    loops: 1   speedup: 1.978 x  wins: 0     tot_ms: 5212.218  avg_ms: 5212.218  avg speedup: 1.978 x 444.9 Mflops
T:3  ref3   loops: 1   speedup: 6.175 x  wins: 1     tot_ms: 1669.386  avg_ms: 1669.386  avg speedup: 6.175 x 1389.2 Mflops
T:4  ref4   loops: 1   speedup: 2.762 x  wins: 0     tot_ms: 3732.605  avg_ms: 3732.605  avg speedup: 2.762 x 621.3 Mflops

t:0 orig            23 s ok 199.624 MFlops   1.00 x BWD_WB --dir=BWD_WB g2mb11ic96ih27oc256oh27kh5ph2n"alex-mb16:conv2"
t:1 sx3              2 s ok   1.983 GFlops   9.93 x BWD_WB --dir=BWD_WB g2mb11ic96ih27oc256oh27kh5ph2n"alex-mb16:conv2"
t:2 sx4             10 s ok 454.264 MFlops   2.28 x BWD_WB --dir=BWD_WB g2mb11ic96ih27oc256oh27kh5ph2n"alex-mb16:conv2"
t:3 ref3             3 s ok   1.553 GFlops   7.78 x BWD_WB --dir=BWD_WB g2mb11ic96ih27oc256oh27kh5ph2n"alex-mb16:conv2"
t:4 ref4             2 s ok   2.416 GFlops  12.10 x BWD_WB --dir=BWD_WB g2mb11ic96ih27oc256oh27kh5ph2n"alex-mb16:conv2"
 TEST all_passed=1 1:PASSED __REPRO:     4.5e+09 ops BWD_WB --dir=BWD_WB g2mb11ic96ih27oc256oh27kh5ph2n"alex-mb16:conv2"
T:0  orig   loops: 2   speedup: 1.000 x  wins: 0     tot_ms: 32844.062  avg_ms: 16422.031  avg speedup: 1.000 x 207.6 Mflops
T:1  sx3    loops: 2   speedup: 9.934 x  wins: 2     tot_ms: 3898.717  avg_ms: 1949.359  avg speedup: 8.424 x 1748.7 Mflops
T:2  sx4    loops: 2   speedup: 2.276 x  wins: 0     tot_ms: 15115.397  avg_ms: 7557.698  avg speedup: 2.173 x 451.0 Mflops
T:3  ref3   loops: 2   speedup: 7.779 x  wins: 2     tot_ms: 4566.237  avg_ms: 2283.119  avg speedup: 7.193 x 1493.1 Mflops
T:4  ref4   loops: 2   speedup: 12.101x  wins: 4     tot_ms: 5594.960  avg_ms: 2797.480  avg speedup: 5.870 x 1218.6 Mflops

t:0 orig            14 s ok 215.820 MFlops   1.00 x BWD_WB --dir=BWD_WB mb11ic256ih13oc384oh13kh3ph1n"alexnet:conv3"
t:1 sx3              2 s ok   1.846 GFlops   8.55 x BWD_WB --dir=BWD_WB mb11ic256ih13oc384oh13kh3ph1n"alexnet:conv3"
t:2 sx4              7 s ok 452.959 MFlops   2.10 x BWD_WB --dir=BWD_WB mb11ic256ih13oc384oh13kh3ph1n"alexnet:conv3"
t:3 ref3             3 s ok   1.098 GFlops   5.09 x BWD_WB --dir=BWD_WB mb11ic256ih13oc384oh13kh3ph1n"alexnet:conv3"
t:4 ref4      949.308 ms ok   3.119 GFlops  14.45 x BWD_WB --dir=BWD_WB mb11ic256ih13oc384oh13kh3ph1n"alexnet:conv3"
 TEST all_passed=1 2:PASSED __REPRO:       3e+09 ops BWD_WB --dir=BWD_WB mb11ic256ih13oc384oh13kh3ph1n"alexnet:conv3"
T:0  orig   loops: 3   speedup: 1.000 x  wins: 0     tot_ms: 46562.504  avg_ms: 15520.835  avg speedup: 1.000 x 210.0 Mflops
T:1  sx3    loops: 3   speedup: 8.554 x  wins: 3     tot_ms: 5502.413  avg_ms: 1834.138  avg speedup: 8.462 x 1777.1 Mflops
T:2  sx4    loops: 3   speedup: 2.099 x  wins: 0     tot_ms: 21651.801  avg_ms: 7217.267  avg speedup: 2.151 x 451.6 Mflops
T:3  ref3   loops: 3   speedup: 5.089 x  wins: 3     tot_ms: 7261.897  avg_ms: 2420.632  avg speedup: 6.412 x 1346.6 Mflops
T:4  ref4   loops: 3   speedup: 14.451x  wins: 8     tot_ms: 6544.267  avg_ms: 2181.422  avg speedup: 7.115 x 1494.2 Mflops

t:0 orig            12 s ok 182.270 MFlops   1.00 x BWD_WB --dir=BWD_WB g2mb11ic384ih13oc384oh13kh3ph1n"alex-mb16:conv4"
t:1 sx3              1 s ok   1.841 GFlops  10.10 x BWD_WB --dir=BWD_WB g2mb11ic384ih13oc384oh13kh3ph1n"alex-mb16:conv4"
t:2 sx4              5 s ok 452.642 MFlops   2.48 x BWD_WB --dir=BWD_WB g2mb11ic384ih13oc384oh13kh3ph1n"alex-mb16:conv4"
t:3 ref3             2 s ok   1.032 GFlops   5.66 x BWD_WB --dir=BWD_WB g2mb11ic384ih13oc384oh13kh3ph1n"alex-mb16:conv4"
t:4 ref4      739.667 ms ok   3.002 GFlops  16.47 x BWD_WB --dir=BWD_WB g2mb11ic384ih13oc384oh13kh3ph1n"alex-mb16:conv4"
 TEST all_passed=1 3:PASSED __REPRO:     2.2e+09 ops BWD_WB --dir=BWD_WB g2mb11ic384ih13oc384oh13kh3ph1n"alex-mb16:conv4"
T:0  orig   loops: 4   speedup: 1.000 x  wins: 0     tot_ms: 58745.229  avg_ms: 14686.307  avg speedup: 1.000 x 204.3 Mflops
T:1  sx3    loops: 4   speedup: 10.103x  wins: 4     tot_ms: 6708.256  avg_ms: 1677.064  avg speedup: 8.757 x 1788.7 Mflops
T:2  sx4    loops: 4   speedup: 2.483 x  wins: 0     tot_ms: 26557.526  avg_ms: 6639.382  avg speedup: 2.212 x 451.8 Mflops
T:3  ref3   loops: 4   speedup: 5.664 x  wins: 4     tot_ms: 9412.934  avg_ms: 2353.234  avg speedup: 6.241 x 1274.7 Mflops
T:4  ref4   loops: 4   speedup: 16.471x  wins: 12    tot_ms: 7283.934  avg_ms: 1820.984  avg speedup: 8.065 x 1647.3 Mflops
TEST final stats:
T:0  orig   loops: 4   speedup: 1.000 x  wins: 0     tot_ms: 58745.229  avg_ms: 14686.307  avg speedup: 1.000 x 204.3 Mflops
T:1  sx3    loops: 4   speedup: 10.103x  wins: 4     tot_ms: 6708.256  avg_ms: 1677.064  avg speedup: 8.757 x 1788.7 Mflops
T:2  sx4    loops: 4   speedup: 2.483 x  wins: 0     tot_ms: 26557.526  avg_ms: 6639.382  avg speedup: 2.212 x 451.8 Mflops
T:3  ref3   loops: 4   speedup: 5.664 x  wins: 4     tot_ms: 9412.934  avg_ms: 2353.234  avg speedup: 6.241 x 1274.7 Mflops
T:4  ref4   loops: 4   speedup: 16.471x  wins: 12    tot_ms: 7283.934  avg_ms: 1820.984  avg speedup: 8.065 x 1647.3 Mflops
tests:4 impls:4 passed:0 skipped:0 mistrusted:4 unimplemented:0 failed:0 test_fail: 0
	Command being timed: "./benchdnn --mode=PT --dir=BWD_WB --batch=inputs/minialex"
	User time (seconds): 543.21
	System time (seconds): 0.49
	Percent of CPU this job got: 195%
	Elapsed (wall clock) time (h:mm:ss or m:ss): 4:37.45
	Average shared text size (kbytes): 0
	Average unshared data size (kbytes): 0
	Average stack size (kbytes): 0
	Average total size (kbytes): 0
	Maximum resident set size (kbytes): 82268
	Average resident set size (kbytes): 0
	Major (requiring I/O) page faults: 0
	Minor (reclaiming a frame) page faults: 6356
	Voluntary context switches: 11
	Involuntary context switches: 52309
	Swaps: 0
	File system inputs: 0
	File system outputs: 56
	Socket messages sent: 0
	Socket messages received: 0
	Signals delivered: 0
	Page size (bytes): 4096
	Exit status: 0
