[ 23%] Built target mkldnn
[ 26%] Built target simple-net-cpp
[ 27%] Built target simple-training-net-c
[ 28%] Built target simple-training-net-cpp
[ 29%] Built target simple-net-c
[ 31%] Built target test_c_symbols-c
[ 32%] Built target api-c
[ 33%] Built target api-io-c
[ 34%] Built target mkldnn_gtest
[ 36%] Built target test_convolution_backward_data_f32
[ 38%] Built target test_convolution_relu_forward_s16s16s32
[ 40%] Built target test_convolution_relu_forward_f32
[ 42%] Built target test_convolution_forward_s16s16s32
[ 44%] Built target test_convolution_forward_f32
[ 46%] Built target test_sum
[ 48%] Built target test_pooling_backward
[ 51%] Built target test_reorder
[ 53%] Built target test_concat
[ 55%] Built target test_lrn_forward
[ 57%] Built target test_softmax_forward
[ 59%] Built target test_relu
[ 61%] Built target test_inner_product_backward_weights
[ 63%] Built target test_convolution_backward_weights
[ 64%] Built target test_lrn_backward
[ 66%] Built target test_iface_attr
[ 68%] Built target test_pooling_forward
[ 70%] Built target test_batch_normalization
[ 72%] Built target test_convolution_backward_data_s16s16s32
[ 75%] Built target test_eltwise
[ 77%] Built target test_inner_product_forward
[ 79%] Built target test_inner_product_backward_data
[ 81%] Built target test_convolution_format_any
[100%] Built target benchdnn
THREADS  : 
cmd      :  /usr/bin/time -v ./benchdnn --mode=PT --dir=FWD_B  --batch=inputs/minialex
/local/kruus/sx/sx-dnn/build/tests/benchdnn
total 320
-rwxrwxr-x 1 kruus ML 274376 Dec 15 08:11 benchdnn
drwxrwxr-x 6 kruus ML   4096 Dec 15 08:11 CMakeFiles
-rw-rw-r-- 1 kruus ML   1019 Dec 15 08:11 cmake_install.cmake
-rw-rw-r-- 1 kruus ML    293 Dec 15 08:11 CTestTestfile.cmake
drwxrwxr-x 2 kruus ML   4096 Dec 15 08:11 inputs
-rw-rw-r-- 1 kruus ML  36011 Dec 15 08:11 Makefile
 /local/kruus/sx/sx-dnn/build/tests/benchdnn inputs:
COLUMN ... column -t
conv_alexnet             conv_all                       conv_dilated                conv_googlenet_v1
conv_googlenet_v2        conv_googlenet_v3              conv_regression_dilate      conv_regression_group
conv_regression_padding  conv_regression_small_spatial  conv_regression_stride      conv_resnet_50
conv_resnet_50_sparse    conv_segnet                    conv_ssd_300_voc0712        conv_vgg_11
conv_vgg_19              deepbench                      deepbench_inference_device  deepbench_inference_server
deepbench_training       minialex                       test_bwd_d_regression       test_bwd_w_regression
test_conv_all            test_conv_regression           test_fwd_regression
benchdnn --conv --mode=PERF+TEST -v0 ... init omp_max_thr=12  OK
batch: inputs/minialex ???batch: inputs/minialex OK

t:0 orig             2 s ok 936.752 MFlops   1.00 x FWD_B mb11ic3ih227oc96oh55kh11sh4n"alex-mb16:conv1"
t:1 sx3        28.549 ms ok  81.233 GFlops  86.72 x FWD_B mb11ic3ih227oc96oh55kh11sh4n"alex-mb16:conv1"
t:2 sx4        27.049 ms ok  85.740 GFlops  91.53 x FWD_B mb11ic3ih227oc96oh55kh11sh4n"alex-mb16:conv1"
t:3 ref3      157.128 ms ok  14.760 GFlops  15.76 x FWD_B mb11ic3ih227oc96oh55kh11sh4n"alex-mb16:conv1"
t:4 ref4      158.098 ms ok  14.669 GFlops  15.66 x FWD_B mb11ic3ih227oc96oh55kh11sh4n"alex-mb16:conv1"
 TEST all_passed=1 0:PASSED __REPRO:     2.3e+09 ops FWD_B mb11ic3ih227oc96oh55kh11sh4n"alex-mb16:conv1"
T:0  orig   loops: 1   speedup: 1.000 x  wins: 0     tot_ms: 2475.719  avg_ms: 2475.719  avg speedup: 1.000 x 936.8 Mflops
T:1  sx3    loops: 1   speedup: 86.718x  wins: 1     tot_ms: 28.549    avg_ms: 28.549  avg speedup: 86.718 x 81233.3 Mflops
T:2  sx4    loops: 1   speedup: 91.529x  wins: 2     tot_ms: 27.049    avg_ms: 27.049  avg speedup: 91.529 x 85739.6 Mflops
T:3  ref3   loops: 1   speedup: 15.756x  wins: -1    tot_ms: 157.128   avg_ms: 157.128  avg speedup: 15.756 x 14759.6 Mflops
T:4  ref4   loops: 1   speedup: 15.659x  wins: -2    tot_ms: 158.098   avg_ms: 158.098  avg speedup: 15.659 x 14669.0 Mflops

t:0 orig             5 s ok 916.937 MFlops   1.00 x FWD_B g2mb11ic96ih27oc256oh27kh5ph2n"alex-mb16:conv2"
t:1 sx3        53.145 ms ok  84.649 GFlops  92.32 x FWD_B g2mb11ic96ih27oc256oh27kh5ph2n"alex-mb16:conv2"
t:2 sx4        50.971 ms ok  88.258 GFlops  96.25 x FWD_B g2mb11ic96ih27oc256oh27kh5ph2n"alex-mb16:conv2"
t:3 ref3      282.270 ms ok  15.937 GFlops  17.38 x FWD_B g2mb11ic96ih27oc256oh27kh5ph2n"alex-mb16:conv2"
t:4 ref4      228.834 ms ok  19.659 GFlops  21.44 x FWD_B g2mb11ic96ih27oc256oh27kh5ph2n"alex-mb16:conv2"
 TEST all_passed=1 1:PASSED __REPRO:     4.5e+09 ops FWD_B g2mb11ic96ih27oc256oh27kh5ph2n"alex-mb16:conv2"
T:0  orig   loops: 2   speedup: 1.000 x  wins: 0     tot_ms: 7381.901  avg_ms: 3690.951  avg speedup: 1.000 x 923.6 Mflops
T:1  sx3    loops: 2   speedup: 92.317x  wins: 2     tot_ms: 81.694    avg_ms: 40.847  avg speedup: 90.360 x 83455.2 Mflops
T:2  sx4    loops: 2   speedup: 96.254x  wins: 4     tot_ms: 78.020    avg_ms: 39.010  avg speedup: 94.615 x 87385.2 Mflops
T:3  ref3   loops: 2   speedup: 17.381x  wins: -2    tot_ms: 439.397   avg_ms: 219.699  avg speedup: 16.800 x 15516.2 Mflops
T:4  ref4   loops: 2   speedup: 21.440x  wins: -2    tot_ms: 386.932   avg_ms: 193.466  avg speedup: 19.078 x 17620.1 Mflops

t:0 orig             3 s ok 917.603 MFlops   1.00 x FWD_B mb11ic256ih13oc384oh13kh3ph1n"alexnet:conv3"
t:1 sx3        29.415 ms ok 100.653 GFlops 109.69 x FWD_B mb11ic256ih13oc384oh13kh3ph1n"alexnet:conv3"
t:2 sx4        32.583 ms ok  90.866 GFlops  99.03 x FWD_B mb11ic256ih13oc384oh13kh3ph1n"alexnet:conv3"
t:3 ref3      240.318 ms ok  12.320 GFlops  13.43 x FWD_B mb11ic256ih13oc384oh13kh3ph1n"alexnet:conv3"
t:4 ref4      160.607 ms ok  18.435 GFlops  20.09 x FWD_B mb11ic256ih13oc384oh13kh3ph1n"alexnet:conv3"
 TEST all_passed=1 2:PASSED __REPRO:       3e+09 ops FWD_B mb11ic256ih13oc384oh13kh3ph1n"alexnet:conv3"
T:0  orig   loops: 3   speedup: 1.000 x  wins: 0     tot_ms: 10608.483  avg_ms: 3536.161  avg speedup: 1.000 x 921.8 Mflops
T:1  sx3    loops: 3   speedup: 109.692x  wins: 3     tot_ms: 111.109   avg_ms: 37.036  avg speedup: 95.478 x 88008.2 Mflops
T:2  sx4    loops: 3   speedup: 99.026x  wins: 4     tot_ms: 110.603   avg_ms: 36.868  avg speedup: 95.915 x 88410.7 Mflops
T:3  ref3   loops: 3   speedup: 13.426x  wins: -3    tot_ms: 679.715   avg_ms: 226.572  avg speedup: 15.607 x 14386.2 Mflops
T:4  ref4   loops: 3   speedup: 20.090x  wins: -2    tot_ms: 547.540   avg_ms: 182.513  avg speedup: 19.375 x 17859.0 Mflops

t:0 orig             2 s ok 895.792 MFlops   1.00 x FWD_B g2mb11ic384ih13oc384oh13kh3ph1n"alex-mb16:conv4"
t:1 sx3        23.394 ms ok  94.921 GFlops 105.96 x FWD_B g2mb11ic384ih13oc384oh13kh3ph1n"alex-mb16:conv4"
t:2 sx4        25.087 ms ok  88.513 GFlops  98.81 x FWD_B g2mb11ic384ih13oc384oh13kh3ph1n"alex-mb16:conv4"
t:3 ref3      168.358 ms ok  13.189 GFlops  14.72 x FWD_B g2mb11ic384ih13oc384oh13kh3ph1n"alex-mb16:conv4"
t:4 ref4      117.623 ms ok  18.878 GFlops  21.07 x FWD_B g2mb11ic384ih13oc384oh13kh3ph1n"alex-mb16:conv4"
 TEST all_passed=1 3:PASSED __REPRO:     2.2e+09 ops FWD_B g2mb11ic384ih13oc384oh13kh3ph1n"alex-mb16:conv4"
T:0  orig   loops: 4   speedup: 1.000 x  wins: 0     tot_ms: 13087.338  avg_ms: 3271.835  avg speedup: 1.000 x 916.8 Mflops
T:1  sx3    loops: 4   speedup: 105.963x  wins: 4     tot_ms: 134.503   avg_ms: 33.626  avg speedup: 97.302 x 89210.5 Mflops
T:2  sx4    loops: 4   speedup: 98.810x  wins: 4     tot_ms: 135.690   avg_ms: 33.923  avg speedup: 96.450 x 88429.6 Mflops
T:3  ref3   loops: 4   speedup: 14.724x  wins: -4    tot_ms: 848.073   avg_ms: 212.018  avg speedup: 15.432 x 14148.6 Mflops
T:4  ref4   loops: 4   speedup: 21.075x  wins: -2    tot_ms: 665.162   avg_ms: 166.291  avg speedup: 19.675 x 18039.3 Mflops
TEST final stats:
T:0  orig   loops: 4   speedup: 1.000 x  wins: 0     tot_ms: 13087.338  avg_ms: 3271.835  avg speedup: 1.000 x 916.8 Mflops
T:1  sx3    loops: 4   speedup: 105.963x  wins: 4     tot_ms: 134.503   avg_ms: 33.626  avg speedup: 97.302 x 89210.5 Mflops
T:2  sx4    loops: 4   speedup: 98.810x  wins: 4     tot_ms: 135.690   avg_ms: 33.923  avg speedup: 96.450 x 88429.6 Mflops
T:3  ref3   loops: 4   speedup: 14.724x  wins: -4    tot_ms: 848.073   avg_ms: 212.018  avg speedup: 15.432 x 14148.6 Mflops
T:4  ref4   loops: 4   speedup: 21.075x  wins: -2    tot_ms: 665.162   avg_ms: 166.291  avg speedup: 19.675 x 18039.3 Mflops
tests:4 impls:4 passed:0 skipped:0 mistrusted:4 unimplemented:0 failed:0 test_fail: 0
	Command being timed: "./benchdnn --mode=PT --dir=FWD_B --batch=inputs/minialex"
	User time (seconds): 520.66
	System time (seconds): 0.35
	Percent of CPU this job got: 1198%
	Elapsed (wall clock) time (h:mm:ss or m:ss): 0:43.47
	Average shared text size (kbytes): 0
	Average unshared data size (kbytes): 0
	Average stack size (kbytes): 0
	Average total size (kbytes): 0
	Maximum resident set size (kbytes): 82904
	Average resident set size (kbytes): 0
	Major (requiring I/O) page faults: 0
	Minor (reclaiming a frame) page faults: 6104
	Voluntary context switches: 67
	Involuntary context switches: 8238
	Swaps: 0
	File system inputs: 0
	File system outputs: 32
	Socket messages sent: 0
	Socket messages received: 0
	Signals delivered: 0
	Page size (bytes): 4096
	Exit status: 0
