[ 23%] Built target mkldnn
[ 26%] Built target simple-net-cpp
[ 27%] Built target simple-training-net-c
[ 28%] Built target simple-training-net-cpp
[ 29%] Built target simple-net-c
[ 31%] Built target test_c_symbols-c
[ 32%] Built target api-c
[ 33%] Built target api-io-c
[ 34%] Built target mkldnn_gtest
[ 36%] Built target test_convolution_backward_data_f32
[ 38%] Built target test_convolution_relu_forward_s16s16s32
[ 40%] Built target test_convolution_relu_forward_f32
[ 42%] Built target test_convolution_forward_s16s16s32
[ 44%] Built target test_convolution_forward_f32
[ 46%] Built target test_sum
[ 48%] Built target test_pooling_backward
[ 51%] Built target test_reorder
[ 53%] Built target test_concat
[ 55%] Built target test_lrn_forward
[ 57%] Built target test_softmax_forward
[ 59%] Built target test_relu
[ 61%] Built target test_inner_product_backward_weights
[ 63%] Built target test_convolution_backward_weights
[ 64%] Built target test_lrn_backward
[ 66%] Built target test_iface_attr
[ 68%] Built target test_pooling_forward
[ 70%] Built target test_batch_normalization
[ 72%] Built target test_convolution_backward_data_s16s16s32
[ 75%] Built target test_eltwise
[ 77%] Built target test_inner_product_forward
[ 79%] Built target test_inner_product_backward_data
[ 81%] Built target test_convolution_format_any
[100%] Built target benchdnn
THREADS  : 
cmd      :  /usr/bin/time -v ./benchdnn --mode=PT --dir=BWD_WB  --batch=inputs/minialex
/local/kruus/sx/sx-dnn/build/tests/benchdnn
total 320
-rwxrwxr-x 1 kruus ML 274376 Dec 15 08:11 benchdnn
drwxrwxr-x 6 kruus ML   4096 Dec 15 08:11 CMakeFiles
-rw-rw-r-- 1 kruus ML   1019 Dec 15 08:11 cmake_install.cmake
-rw-rw-r-- 1 kruus ML    293 Dec 15 08:11 CTestTestfile.cmake
drwxrwxr-x 2 kruus ML   4096 Dec 15 08:11 inputs
-rw-rw-r-- 1 kruus ML  36011 Dec 15 08:11 Makefile
 /local/kruus/sx/sx-dnn/build/tests/benchdnn inputs:
COLUMN ... column -t
conv_alexnet             conv_all                       conv_dilated                conv_googlenet_v1
conv_googlenet_v2        conv_googlenet_v3              conv_regression_dilate      conv_regression_group
conv_regression_padding  conv_regression_small_spatial  conv_regression_stride      conv_resnet_50
conv_resnet_50_sparse    conv_segnet                    conv_ssd_300_voc0712        conv_vgg_11
conv_vgg_19              deepbench                      deepbench_inference_device  deepbench_inference_server
deepbench_training       minialex                       test_bwd_d_regression       test_bwd_w_regression
test_conv_all            test_conv_regression           test_fwd_regression
benchdnn --conv --mode=PERF+TEST -v0 ... init omp_max_thr=12  OK
batch: inputs/minialex ???batch: inputs/minialex OK

t:0 orig             1 s ok   1.820 GFlops   1.00 x BWD_WB --dir=BWD_WB mb11ic3ih227oc96oh55kh11sh4n"alex-mb16:conv1"
t:1 sx3       182.469 ms ok  12.710 GFlops   6.98 x BWD_WB --dir=BWD_WB mb11ic3ih227oc96oh55kh11sh4n"alex-mb16:conv1"
t:2 sx4              4 s ok 599.000 MFlops   0.33 x BWD_WB --dir=BWD_WB mb11ic3ih227oc96oh55kh11sh4n"alex-mb16:conv1"
t:3 ref3      172.974 ms ok  13.407 GFlops   7.37 x BWD_WB --dir=BWD_WB mb11ic3ih227oc96oh55kh11sh4n"alex-mb16:conv1"
t:4 ref4      321.796 ms ok   7.207 GFlops   3.96 x BWD_WB --dir=BWD_WB mb11ic3ih227oc96oh55kh11sh4n"alex-mb16:conv1"
 TEST all_passed=1 0:PASSED __REPRO:     2.3e+09 ops BWD_WB --dir=BWD_WB mb11ic3ih227oc96oh55kh11sh4n"alex-mb16:conv1"
T:0  orig   loops: 1   speedup: 1.000 x  wins: 0     tot_ms: 1274.241  avg_ms: 1274.241  avg speedup: 1.000 x 1820.0 Mflops
T:1  sx3    loops: 1   speedup: 6.983 x  wins: 1     tot_ms: 182.469   avg_ms: 182.469  avg speedup: 6.983 x 12709.7 Mflops
T:2  sx4    loops: 1   speedup: 0.329 x  wins: -2    tot_ms: 3871.676  avg_ms: 3871.676  avg speedup: 0.329 x 599.0 Mflops
T:3  ref3   loops: 1   speedup: 7.367 x  wins: 3     tot_ms: 172.974   avg_ms: 172.974  avg speedup: 7.367 x 13407.4 Mflops
T:4  ref4   loops: 1   speedup: 3.960 x  wins: 0     tot_ms: 321.796   avg_ms: 321.796  avg speedup: 3.960 x 7206.9 Mflops

t:0 orig             3 s ok   1.764 GFlops   1.00 x BWD_WB --dir=BWD_WB g2mb11ic96ih27oc256oh27kh5ph2n"alex-mb16:conv2"
t:1 sx3       334.780 ms ok  13.438 GFlops   7.62 x BWD_WB --dir=BWD_WB g2mb11ic96ih27oc256oh27kh5ph2n"alex-mb16:conv2"
t:2 sx4              7 s ok 605.277 MFlops   0.34 x BWD_WB --dir=BWD_WB g2mb11ic96ih27oc256oh27kh5ph2n"alex-mb16:conv2"
t:3 ref3      275.071 ms ok  16.355 GFlops   9.27 x BWD_WB --dir=BWD_WB g2mb11ic96ih27oc256oh27kh5ph2n"alex-mb16:conv2"
t:4 ref4      195.148 ms ok  23.053 GFlops  13.07 x BWD_WB --dir=BWD_WB g2mb11ic96ih27oc256oh27kh5ph2n"alex-mb16:conv2"
 TEST all_passed=1 1:PASSED __REPRO:     4.5e+09 ops BWD_WB --dir=BWD_WB g2mb11ic96ih27oc256oh27kh5ph2n"alex-mb16:conv2"
T:0  orig   loops: 2   speedup: 1.000 x  wins: 0     tot_ms: 3824.994  avg_ms: 1912.497  avg speedup: 1.000 x 1782.4 Mflops
T:1  sx3    loops: 2   speedup: 7.619 x  wins: 2     tot_ms: 517.249   avg_ms: 258.624  avg speedup: 7.395 x 13180.9 Mflops
T:2  sx4    loops: 2   speedup: 0.343 x  wins: -4    tot_ms: 11304.074  avg_ms: 5652.037  avg speedup: 0.338 x 603.1 Mflops
T:3  ref3   loops: 2   speedup: 9.273 x  wins: 6     tot_ms: 448.045   avg_ms: 224.023  avg speedup: 8.537 x 15216.8 Mflops
T:4  ref4   loops: 2   speedup: 13.071x  wins: 4     tot_ms: 516.944   avg_ms: 258.472  avg speedup: 7.399 x 13188.7 Mflops

t:0 orig             2 s ok   1.789 GFlops   1.00 x BWD_WB --dir=BWD_WB mb11ic256ih13oc384oh13kh3ph1n"alexnet:conv3"
t:1 sx3       230.346 ms ok  12.853 GFlops   7.18 x BWD_WB --dir=BWD_WB mb11ic256ih13oc384oh13kh3ph1n"alexnet:conv3"
t:2 sx4              5 s ok 604.184 MFlops   0.34 x BWD_WB --dir=BWD_WB mb11ic256ih13oc384oh13kh3ph1n"alexnet:conv3"
t:3 ref3      189.540 ms ok  15.621 GFlops   8.73 x BWD_WB --dir=BWD_WB mb11ic256ih13oc384oh13kh3ph1n"alexnet:conv3"
t:4 ref4       91.572 ms ok  32.332 GFlops  18.07 x BWD_WB --dir=BWD_WB mb11ic256ih13oc384oh13kh3ph1n"alexnet:conv3"
 TEST all_passed=1 2:PASSED __REPRO:       3e+09 ops BWD_WB --dir=BWD_WB mb11ic256ih13oc384oh13kh3ph1n"alexnet:conv3"
T:0  orig   loops: 3   speedup: 1.000 x  wins: 0     tot_ms: 5479.602  avg_ms: 1826.534  avg speedup: 1.000 x 1784.5 Mflops
T:1  sx3    loops: 3   speedup: 7.183 x  wins: 3     tot_ms: 747.594   avg_ms: 249.198  avg speedup: 7.330 x 13080.0 Mflops
T:2  sx4    loops: 3   speedup: 0.338 x  wins: -6    tot_ms: 16204.436  avg_ms: 5401.479  avg speedup: 0.338 x 603.4 Mflops
T:3  ref3   loops: 3   speedup: 8.730 x  wins: 9     tot_ms: 637.585   avg_ms: 212.528  avg speedup: 8.594 x 15336.8 Mflops
T:4  ref4   loops: 3   speedup: 18.069x  wins: 8     tot_ms: 608.516   avg_ms: 202.839  avg speedup: 9.005 x 16069.5 Mflops

t:0 orig             1 s ok   1.739 GFlops   1.00 x BWD_WB --dir=BWD_WB g2mb11ic384ih13oc384oh13kh3ph1n"alex-mb16:conv4"
t:1 sx3       173.970 ms ok  12.764 GFlops   7.34 x BWD_WB --dir=BWD_WB g2mb11ic384ih13oc384oh13kh3ph1n"alex-mb16:conv4"
t:2 sx4              4 s ok 608.755 MFlops   0.35 x BWD_WB --dir=BWD_WB g2mb11ic384ih13oc384oh13kh3ph1n"alex-mb16:conv4"
t:3 ref3      142.349 ms ok  15.599 GFlops   8.97 x BWD_WB --dir=BWD_WB g2mb11ic384ih13oc384oh13kh3ph1n"alex-mb16:conv4"
t:4 ref4       73.081 ms ok  30.385 GFlops  17.47 x BWD_WB --dir=BWD_WB g2mb11ic384ih13oc384oh13kh3ph1n"alex-mb16:conv4"
 TEST all_passed=1 3:PASSED __REPRO:     2.2e+09 ops BWD_WB --dir=BWD_WB g2mb11ic384ih13oc384oh13kh3ph1n"alex-mb16:conv4"
T:0  orig   loops: 4   speedup: 1.000 x  wins: 0     tot_ms: 6756.593  avg_ms: 1689.148  avg speedup: 1.000 x 1775.9 Mflops
T:1  sx3    loops: 4   speedup: 7.340 x  wins: 4     tot_ms: 921.564   avg_ms: 230.391  avg speedup: 7.332 x 13020.3 Mflops
T:2  sx4    loops: 4   speedup: 0.350 x  wins: -8    tot_ms: 19852.111  avg_ms: 4963.028  avg speedup: 0.340 x 604.4 Mflops
T:3  ref3   loops: 4   speedup: 8.971 x  wins: 12    tot_ms: 779.934   avg_ms: 194.983  avg speedup: 8.663 x 15384.7 Mflops
T:4  ref4   loops: 4   speedup: 17.474x  wins: 12    tot_ms: 681.597   avg_ms: 170.399  avg speedup: 9.913 x 17604.3 Mflops
TEST final stats:
T:0  orig   loops: 4   speedup: 1.000 x  wins: 0     tot_ms: 6756.593  avg_ms: 1689.148  avg speedup: 1.000 x 1775.9 Mflops
T:1  sx3    loops: 4   speedup: 7.340 x  wins: 4     tot_ms: 921.564   avg_ms: 230.391  avg speedup: 7.332 x 13020.3 Mflops
T:2  sx4    loops: 4   speedup: 0.350 x  wins: -8    tot_ms: 19852.111  avg_ms: 4963.028  avg speedup: 0.340 x 604.4 Mflops
T:3  ref3   loops: 4   speedup: 8.971 x  wins: 12    tot_ms: 779.934   avg_ms: 194.983  avg speedup: 8.663 x 15384.7 Mflops
T:4  ref4   loops: 4   speedup: 17.474x  wins: 12    tot_ms: 681.597   avg_ms: 170.399  avg speedup: 9.913 x 17604.3 Mflops
tests:4 impls:4 passed:0 skipped:0 mistrusted:4 unimplemented:0 failed:0 test_fail: 0
	Command being timed: "./benchdnn --mode=PT --dir=BWD_WB --batch=inputs/minialex"
	User time (seconds): 777.84
	System time (seconds): 0.64
	Percent of CPU this job got: 1198%
	Elapsed (wall clock) time (h:mm:ss or m:ss): 1:04.93
	Average shared text size (kbytes): 0
	Average unshared data size (kbytes): 0
	Average stack size (kbytes): 0
	Average total size (kbytes): 0
	Maximum resident set size (kbytes): 85532
	Average resident set size (kbytes): 0
	Major (requiring I/O) page faults: 0
	Minor (reclaiming a frame) page faults: 6305
	Voluntary context switches: 69
	Involuntary context switches: 11358
	Swaps: 0
	File system inputs: 0
	File system outputs: 32
	Socket messages sent: 0
	Socket messages received: 0
	Signals delivered: 0
	Page size (bytes): 4096
	Exit status: 0
