THREADS  : 
cmd      :  /usr/bin/time -v ./benchdnn --mode=PT --skip-impl=sx2 --dir=FWD_B --skip-impl=sx2 --batch=inputs/minialex
/usr/uhome/aurora/4gi/nlabhpg/wrk/simd/gen-dnn/build-sx/tests/benchdnn
total 34395
drwxr-srwx    6 nlabhpg  4gi           36864 Dec 15 13:16 CMakeFiles
-rw-r--r--    1 nlabhpg  4gi             344 Dec 15 13:16 CTestTestfile.cmake
-rw-r--r--    1 nlabhpg  4gi           38447 Dec 15 13:16 Makefile
-rwxr-xr-x    1 nlabhpg  4gi        17184845 Dec 15 13:53 benchdnn
-rw-r--r--    1 nlabhpg  4gi             887 Dec 15 13:16 cmake_install.cmake
-rw-r--r--    1 nlabhpg  4gi          236553 Dec 15 14:07 ftrace.out
drwxrwsrwx    2 nlabhpg  4gi          110592 Dec 15 14:07 inputs
 /usr/uhome/aurora/4gi/nlabhpg/wrk/simd/gen-dnn/build-sx/tests/benchdnn inputs:
COLUMN ... cat
 conv_alexnet conv_all conv_dilated conv_googlenet_v1
 conv_googlenet_v2 conv_googlenet_v3 conv_regression_dilate conv_regression_group
 conv_regression_padding conv_regression_small_spatial conv_regression_stride conv_resnet_50
 conv_resnet_50_sparse conv_segnet conv_ssd_300_voc0712 conv_vgg_11
 conv_vgg_19 deepbench deepbench_inference_device deepbench_inference_server
 deepbench_training minialex test_bwd_d_regression test_bwd_w_regression
 test_conv_all test_conv_regression test_fwd_regression
benchdnn --conv --mode=PERF+TEST -v0 ... init omp_max_thr=1  OK
batch: inputs/minialex ???batch: inputs/minialex OK

t:0 orig 85 s ok  27.211 MFlops   1.00 x FWD_B mb11ic3ih227oc96oh55kh11sh4n"alex-mb16:conv1"
t:1 sx3 907.497 ms ok   2.556 GFlops  93.91 x FWD_B mb11ic3ih227oc96oh55kh11sh4n"alex-mb16:conv1"
t:2 sx4 3 s ok 824.539 MFlops  30.30 x FWD_B mb11ic3ih227oc96oh55kh11sh4n"alex-mb16:conv1"
t:3 ref3 54 s ok  42.829 MFlops   1.57 x FWD_B mb11ic3ih227oc96oh55kh11sh4n"alex-mb16:conv1"
t:4 ref4 22 s ok 104.695 MFlops   3.85 x FWD_B mb11ic3ih227oc96oh55kh11sh4n"alex-mb16:conv1"
 TEST all_passed=1 0:PASSED __REPRO:     2.3e+09 ops FWD_B mb11ic3ih227oc96oh55kh11sh4n"alex-mb16:conv1"
T:0  orig   loops: 1   speedup: 1.000 x  wins: 0     tot_ms: 85227.187  avg_ms: 85227.187  avg speedup: 1.000 x 27.2 Mflops
T:1  sx3    loops: 1   speedup: 93.915x  wins: 1     tot_ms: 907.497   avg_ms: 907.497  avg speedup: 93.915 x 2555.5 Mflops
T:2  sx4    loops: 1   speedup: 30.301x  wins: 0     tot_ms: 2812.645  avg_ms: 2812.645  avg speedup: 30.301 x 824.5 Mflops
T:3  ref3   loops: 1   speedup: 1.574 x  wins: -1    tot_ms: 54148.098  avg_ms: 54148.098  avg speedup: 1.574 x 42.8 Mflops
T:4  ref4   loops: 1   speedup: 3.848 x  wins: 0     tot_ms: 22151.290  avg_ms: 22151.290  avg speedup: 3.848 x 104.7 Mflops

t:0 orig 263 s ok  17.136 MFlops   1.00 x FWD_B g2mb11ic96ih27oc256oh27kh5ph2n"alex-mb16:conv2"
t:1 sx3 616.678 ms ok   7.295 GFlops 425.72 x FWD_B g2mb11ic96ih27oc256oh27kh5ph2n"alex-mb16:conv2"
t:2 sx4 2 s ok   2.344 GFlops 136.79 x FWD_B g2mb11ic96ih27oc256oh27kh5ph2n"alex-mb16:conv2"
t:3 ref3 237 s ok  18.991 MFlops   1.11 x FWD_B g2mb11ic96ih27oc256oh27kh5ph2n"alex-mb16:conv2"
t:4 ref4 58 s ok  78.138 MFlops   4.56 x FWD_B g2mb11ic96ih27oc256oh27kh5ph2n"alex-mb16:conv2"
 TEST all_passed=1 1:PASSED __REPRO:     4.5e+09 ops FWD_B g2mb11ic96ih27oc256oh27kh5ph2n"alex-mb16:conv2"
T:0  orig   loops: 2   speedup: 1.000 x  wins: 0     tot_ms: 347757.724  avg_ms: 173878.862  avg speedup: 1.000 x 19.6 Mflops
T:1  sx3    loops: 2   speedup: 425.717x  wins: 2     tot_ms: 1524.175  avg_ms: 762.088  avg speedup: 228.161 x 4473.1 Mflops
T:2  sx4    loops: 2   speedup: 136.785x  wins: 0     tot_ms: 4731.937  avg_ms: 2365.969  avg speedup: 73.492 x 1440.8 Mflops
T:3  ref3   loops: 2   speedup: 1.108 x  wins: -2    tot_ms: 291028.783  avg_ms: 145514.391  avg speedup: 1.195 x 23.4 Mflops
T:4  ref4   loops: 2   speedup: 4.560 x  wins: 0     tot_ms: 79724.261  avg_ms: 39862.130  avg speedup: 4.362 x 85.5 Mflops

t:0 orig 276 s ok  10.723 MFlops   1.00 x FWD_B mb11ic256ih13oc384oh13kh3ph1n"alexnet:conv3"
t:1 sx3 169.497 ms ok  17.468 GFlops 1629.03 x FWD_B mb11ic256ih13oc384oh13kh3ph1n"alexnet:conv3"
t:2 sx4 648.237 ms ok   4.567 GFlops 425.95 x FWD_B mb11ic256ih13oc384oh13kh3ph1n"alexnet:conv3"
t:3 ref3 264 s ok  11.197 MFlops   1.04 x FWD_B mb11ic256ih13oc384oh13kh3ph1n"alexnet:conv3"
t:4 ref4 67 s ok  44.122 MFlops   4.11 x FWD_B mb11ic256ih13oc384oh13kh3ph1n"alexnet:conv3"
 TEST all_passed=1 2:PASSED __REPRO:       3e+09 ops FWD_B mb11ic256ih13oc384oh13kh3ph1n"alexnet:conv3"
T:0  orig   loops: 3   speedup: 1.000 x  wins: 0     tot_ms: 623873.083  avg_ms: 207957.694  avg speedup: 1.000 x 15.7 Mflops
T:1  sx3    loops: 3   speedup: 1629.030x  wins: 3     tot_ms: 1693.672  avg_ms: 564.557  avg speedup: 368.355 x 5773.6 Mflops
T:2  sx4    loops: 3   speedup: 425.948x  wins: 0     tot_ms: 5380.174  avg_ms: 1793.391  avg speedup: 115.958 x 1817.5 Mflops
T:3  ref3   loops: 3   speedup: 1.044 x  wins: -3    tot_ms: 555461.191  avg_ms: 185153.730  avg speedup: 1.123 x 17.6 Mflops
T:4  ref4   loops: 3   speedup: 4.115 x  wins: 0     tot_ms: 146827.415  avg_ms: 48942.472  avg speedup: 4.249 x 66.6 Mflops

t:0 orig 209 s ok  10.606 MFlops   1.00 x FWD_B g2mb11ic384ih13oc384oh13kh3ph1n"alex-mb16:conv4"
t:1 sx3 220.885 ms ok  10.053 GFlops 947.85 x FWD_B g2mb11ic384ih13oc384oh13kh3ph1n"alex-mb16:conv4"
t:2 sx4 938.518 ms ok   2.366 GFlops 223.08 x FWD_B g2mb11ic384ih13oc384oh13kh3ph1n"alex-mb16:conv4"
t:3 ref3 198 s ok  11.191 MFlops   1.06 x FWD_B g2mb11ic384ih13oc384oh13kh3ph1n"alex-mb16:conv4"
t:4 ref4 51 s ok  43.939 MFlops   4.14 x FWD_B g2mb11ic384ih13oc384oh13kh3ph1n"alex-mb16:conv4"
 TEST all_passed=1 3:PASSED __REPRO:     2.2e+09 ops FWD_B g2mb11ic384ih13oc384oh13kh3ph1n"alex-mb16:conv4"
T:0  orig   loops: 4   speedup: 1.000 x  wins: 0     tot_ms: 833238.937  avg_ms: 208309.734  avg speedup: 1.000 x 14.4 Mflops
T:1  sx3    loops: 4   speedup: 947.850x  wins: 4     tot_ms: 1914.557  avg_ms: 478.639  avg speedup: 435.212 x 6267.3 Mflops
T:2  sx4    loops: 4   speedup: 223.081x  wins: 0     tot_ms: 6318.692  avg_ms: 1579.673  avg speedup: 131.869 x 1899.0 Mflops
T:3  ref3   loops: 4   speedup: 1.055 x  wins: -4    tot_ms: 753891.248  avg_ms: 188472.812  avg speedup: 1.105 x 15.9 Mflops
T:4  ref4   loops: 4   speedup: 4.143 x  wins: 0     tot_ms: 197363.917  avg_ms: 49340.979  avg speedup: 4.222 x 60.8 Mflops
TEST final stats:
T:0  orig   loops: 4   speedup: 1.000 x  wins: 0     tot_ms: 833238.937  avg_ms: 208309.734  avg speedup: 1.000 x 14.4 Mflops
T:1  sx3    loops: 4   speedup: 947.850x  wins: 4     tot_ms: 1914.557  avg_ms: 478.639  avg speedup: 435.212 x 6267.3 Mflops
T:2  sx4    loops: 4   speedup: 223.081x  wins: 0     tot_ms: 6318.692  avg_ms: 1579.673  avg speedup: 131.869 x 1899.0 Mflops
T:3  ref3   loops: 4   speedup: 1.055 x  wins: -4    tot_ms: 753891.248  avg_ms: 188472.812  avg speedup: 1.105 x 15.9 Mflops
T:4  ref4   loops: 4   speedup: 4.143 x  wins: 0     tot_ms: 197363.917  avg_ms: 49340.979  avg speedup: 4.222 x 60.8 Mflops
tests:4 impls:4 passed:0 skipped:0 mistrusted:4 unimplemented:0 failed:0 test_fail: 0

     ******  Program Information  ******
  Real Time (sec)               :          4432.273416
  User Time (sec)               :          4480.987541
  Sys  Time (sec)               :             2.967675
  Vector Time (sec)             :          3873.089885
  Inst. Count                   :        1038548645360.
  V. Inst. Count                :         212676320112.
  V. Element Count              :       24265083471329.
  V. Load Element Count         :        2224467562883.
  FLOP Count                    :        2055881334505.
  MOPS                          :          5599.425476
  MFLOPS                        :           458.800949
  MOPS   (concurrent)           :          5668.253020
  MFLOPS (concurrent)           :           464.440481
  A. V. Length                  :           114.093960
  V. Op. Ratio (%)              :            96.708486
  Memory Size (MB)              :           576.000000
  Max Concurrent Proc.          :                    4.
    Conc. Time(>= 1) (sec)      :          4426.576532
    Conc. Time(>= 2) (sec)      :            18.170554
    Conc. Time(>= 3) (sec)      :            18.162470
    Conc. Time(>= 4) (sec)      :            18.077992
  Event Busy Count              :                    0.
  Event Wait (sec)              :             0.000000
  Lock Busy Count               :                    4.
  Lock Wait (sec)               :             0.001724
  Barrier Busy Count            :                    0.
  Barrier Wait (sec)            :             0.000000
  MIPS                          :           231.767805
  MIPS (concurrent)             :           234.616670
  I-Cache (sec)                 :             0.594785
  O-Cache (sec)                 :            73.019949
  Bank Conflict Time
    CPU Port Conf. (sec)        :             0.568728
    Memory Network Conf. (sec)  :           188.539398
  ADB Hit Element Ratio (%)     :             0.000000

  Start Time (date)    :  Fri Dec 15 14:07:17 GMT 2017
  End   Time (date)    :  Fri Dec 15 15:21:09 GMT 2017

real  1:13:52.3
user     3:06.0
sys         2.9
