>>>> simple-net-c
 SX aligned_malloc --> malloc(430944)
 SX aligned_malloc --> malloc(150528)
 SX aligned_malloc --> malloc(139392)
 SX aligned_malloc --> malloc(384)

T:create memory 
T:create data descriptors for convolutions, mkldnn_any 
T:create convolution  SX aligned_malloc --> malloc(430944)
 SX aligned_malloc --> malloc(139392)
 SX aligned_malloc --> malloc(691200)

T:create mem for dst data (no need to reorder it same as user) 
conv_internal_dst_memory 
mkldnn_primitive_t: C  primitive_kind:memory@404353d50,inputs[0],outputs[1] M:
             outputs[0]=@404353d50

(after set_data_handle) conv_internal_dst_memory  
mkldnn_primitive_t: C  primitive_kind:memory@404353d50,inputs[0],outputs[1] M:
             outputs[0]=@404353d50

T:create reorder primitives user data --> conv src 
T:create convolution primitive 
 ***** NEW CONVOLUTION TYPES *****
 _ref_conv( src        :fmt=memory_format:nchw : memory_desc:primitive_kind:memory,4,data_type:f32,memory_format:nchw,dims=dims:{8,3,67,67}
          , weight/bias:fmt=memory_format:oihw : memory_desc:primitive_kind:memory,4,data_type:f32,memory_format:oihw,dims=dims:{96,3,11,11}
          , dst        :fmt=memory_format:nchw : memory_desc:primitive_kind:memory,4,data_type:f32,memory_format:nchw,dims=dims:{8,96,15,15} )

T:AlexNet: relu {BATCH,96,55,55} -> {BATCH,96,55,55}  SX aligned_malloc --> malloc(691200)

T:create relu 
T:mkldnn_relu_forward_desc_init,,, 
T:mkldnn_primitive_desc_create... 
T:mkldnn_primitive_desc_query_pd... 
T:create relu primitive  relu_srcs.output_index = 0


relu_srcs  primitive_at:404353d50,output_index=0
...primitive: C  primitive_kind:memory@404353d50,inputs[0],outputs[1] M:
             outputs[0]=@404353d50

+relu_fwd_t:
            kind()=primitive_kind:relu
            inputs,outputs.size()=1,1
            conf_.n_inputs(),n_outputs()1,1
            input_pd(0)->kind() primitive_kind:memory
           *           ->desc() memory_desc:primitive_kind:memory,4,data_type:f32,memory_format:nchw,dims=dims:{8,96,15,15}
            output_pd(0)->kind() primitive_kind:memory
           *            ->desc() memory_desc:primitive_kind:memory,4,data_type:f32,memory_format:nchw,dims=dims:{8,96,15,15}

T:AlexNet: lrn (local response normalization  SX aligned_malloc --> malloc(691200)
 SX aligned_malloc --> malloc(691200)

T:lrn primitive  SX aligned_malloc --> malloc(150528)

T:pooling descriptor 
T:pooling workspace  SX aligned_malloc --> malloc(150528)

T:reorder primitives user data -> pooling dsts 
T:pooling primitive 
T:connect primitives 
T:create 
T:submit  cpu_primitive.hpp input_memory(index=0) :
    this->inputs()[index] =  A  C  primitive_kind:memory@4043532c0,inputs[0],outputs[1] M:
             outputs[0]=@4043532c0 B ,output_index=0
 cpu_memory_t::const_memory(0) :
               conf_.kind() = primitive_kind:memory
              *conf_.desc() = memory_desc:primitive_kind:memory,4,data_type:f32,memory_format:nchw,dims=dims:{8,3,67,67}
 cpu_primitive.hpp input_memory(index=1) :
    this->inputs()[index] =  A  C  primitive_kind:memory@4043536e0,inputs[0],outputs[1] M:
             outputs[0]=@4043536e0 B ,output_index=0
 cpu_memory_t::const_memory(0) :
               conf_.kind() = primitive_kind:memory
              *conf_.desc() = memory_desc:primitive_kind:memory,4,data_type:f32,memory_format:oihw,dims=dims:{96,3,11,11}
 cpu_primitive.hpp input_memory(index=2) :
    this->inputs()[index] =  A  C  primitive_kind:memory@404353b00,inputs[0],outputs[1] M:
             outputs[0]=@404353b00 B ,output_index=0
 cpu_memory_t::const_memory(0) :
               conf_.kind() = primitive_kind:memory
              *conf_.desc() = memory_desc:primitive_kind:memory,1,data_type:f32,memory_format:x,dims=dims:{96}
 cpu_primitive.hpp input_memory(index=0) :
    this->inputs()[index] =  A  C  primitive_kind:memory@404353d50,inputs[0],outputs[1] M:
             outputs[0]=@404353d50 B ,output_index=0
 cpu_memory_t::const_memory(0) :
               conf_.kind() = primitive_kind:memory
              *conf_.desc() = memory_desc:primitive_kind:memory,4,data_type:f32,memory_format:nchw,dims=dims:{8,96,15,15}

ref_relu_fwd_t<>::execut_forward_dense() data_d = memory_desc:primitive_kind:memory,4,data_type:f32,memory_format:nchw,dims=dims:{8,96,15,15}
 cpu_primitive.hpp input_memory(index=0) :
    this->inputs()[index] =  A  C  primitive_kind:memory@404353fa0,inputs[0],outputs[1] M:
             outputs[0]=@404353fa0 B ,output_index=0
 cpu_memory_t::const_memory(0) :
               conf_.kind() = primitive_kind:memory
              *conf_.desc() = memory_desc:primitive_kind:memory,4,data_type:f32,memory_format:nchw,dims=dims:{8,96,15,15}
 cpu_primitive.hpp input_memory(index=0) :
    this->inputs()[index] =  A  C  primitive_kind:memory@4045dd380,inputs[0],outputs[1] M:
             outputs[0]=@4045dd380 B ,output_index=0
 cpu_memory_t::const_memory(0) :
               conf_.kind() = primitive_kind:memory
              *conf_.desc() = memory_desc:primitive_kind:memory,4,data_type:f32,memory_format:nchw,dims=dims:{8,96,15,15}

T:wait 
T:clean-up 
T:simple_net() DONE passed

     ******  Program Information  ******
  Real Time (sec)               :            67.357417
  User Time (sec)               :            67.351904
  Sys  Time (sec)               :             0.004734
  Vector Time (sec)             :             0.000043
  Inst. Count                   :          65894312574.
  V. Inst. Count                :                  780.
  V. Element Count              :                57394.
  V. Load Element Count         :                24313.
  FLOP Count                    :            134237333.
  MOPS                          :           978.359412
  MFLOPS                        :             1.993074
  A. V. Length                  :            73.582051
  V. Op. Ratio (%)              :             0.000087
  Memory Size (MB)              :           192.000000
  MIPS                          :           978.358571
  I-Cache (sec)                 :             0.001933
  O-Cache (sec)                 :             0.189706
  Bank Conflict Time
    CPU Port Conf. (sec)        :             0.000001
    Memory Network Conf. (sec)  :             0.000005
  ADB Hit Element Ratio (%)     :             0.000000

  Start Time (date)    :  Mon Jun 12 19:41:58 GMT 2017
  End   Time (date)    :  Mon Jun 12 19:43:05 GMT 2017
>>>> simple-net-cpp

 ***** NEW CONVOLUTION TYPES *****
 _ref_conv( src        :fmt=memory_format:nchw : memory_desc:primitive_kind:memory,4,data_type:f32,memory_format:nchw,dims=dims:{8,3,227,227}
          , weight/bias:fmt=memory_format:oihw : memory_desc:primitive_kind:memory,4,data_type:f32,memory_format:oihw,dims=dims:{96,3,11,11}
          , dst        :fmt=memory_format:nchw : memory_desc:primitive_kind:memory,4,data_type:f32,memory_format:nchw,dims=dims:{8,96,55,55} )

+relu_fwd_t:
            kind()=primitive_kind:relu
            inputs,outputs.size()=1,1
            conf_.n_inputs(),n_outputs()1,1
            input_pd(0)->kind() primitive_kind:memory
           *           ->desc() memory_desc:primitive_kind:memory,4,data_type:f32,memory_format:nchw,dims=dims:{8,96,55,55}
            output_pd(0)->kind() primitive_kind:memory
           *            ->desc() memory_desc:primitive_kind:memory,4,data_type:f32,memory_format:nchw,dims=dims:{8,96,55,55}
 cpu_primitive.hpp input_memory(index=0) :
    this->inputs()[index] =  A  C  primitive_kind:memory@4049a0ad0,inputs[0],outputs[1] M:
             outputs[0]=@4049a0ad0 B ,output_index=0
 cpu_memory_t::const_memory(0) :
               conf_.kind() = primitive_kind:memory
              *conf_.desc() = memory_desc:primitive_kind:memory,4,data_type:f32,memory_format:nchw,dims=dims:{8,3,227,227}
 cpu_primitive.hpp input_memory(index=1) :
    this->inputs()[index] =  A  C  primitive_kind:memory@4049a0d20,inputs[0],outputs[1] M:
             outputs[0]=@4049a0d20 B ,output_index=0
 cpu_memory_t::const_memory(0) :
               conf_.kind() = primitive_kind:memory
              *conf_.desc() = memory_desc:primitive_kind:memory,4,data_type:f32,memory_format:oihw,dims=dims:{96,3,11,11}
 cpu_primitive.hpp input_memory(index=2) :
    this->inputs()[index] =  A  C  primitive_kind:memory@4049a0f70,inputs[0],outputs[1] M:
             outputs[0]=@4049a0f70 B ,output_index=0
 cpu_memory_t::const_memory(0) :
               conf_.kind() = primitive_kind:memory
              *conf_.desc() = memory_desc:primitive_kind:memory,1,data_type:f32,memory_format:x,dims=dims:{96}
 cpu_primitive.hpp input_memory(index=0) :
    this->inputs()[index] =  A  C  primitive_kind:memory@4049a11c0,inputs[0],outputs[1] M:
             outputs[0]=@4049a11c0 B ,output_index=0
 cpu_memory_t::const_memory(0) :
               conf_.kind() = primitive_kind:memory
              *conf_.desc() = memory_desc:primitive_kind:memory,4,data_type:f32,memory_format:nchw,dims=dims:{8,96,55,55}

ref_relu_fwd_t<>::execut_forward_dense() data_d = memory_desc:primitive_kind:memory,4,data_type:f32,memory_format:nchw,dims=dims:{8,96,55,55}
 cpu_primitive.hpp input_memory(index=0) :
    this->inputs()[index] =  A  C  primitive_kind:memory@405281bd0,inputs[0],outputs[1] M:
             outputs[0]=@405281bd0 B ,output_index=0
 cpu_memory_t::const_memory(0) :
               conf_.kind() = primitive_kind:memory
              *conf_.desc() = memory_desc:primitive_kind:memory,4,data_type:f32,memory_format:nchw,dims=dims:{8,96,55,55}
 cpu_primitive.hpp input_memory(index=0) :
    this->inputs()[index] =  A  C  primitive_kind:memory@405b5ea30,inputs[0],outputs[1] M:
             outputs[0]=@405b5ea30 B ,output_index=0
 cpu_memory_t::const_memory(0) :
               conf_.kind() = primitive_kind:memory
              *conf_.desc() = memory_desc:primitive_kind:memory,4,data_type:f32,memory_format:nchw,dims=dims:{8,96,55,55}

     ******  Program Information  ******
  Real Time (sec)               :           907.296045
  User Time (sec)               :           907.015159
  Sys  Time (sec)               :             0.143101
  Vector Time (sec)             :             0.000047
  Inst. Count                   :         885885214970.
  V. Inst. Count                :                  812.
  V. Element Count              :                61364.
  V. Load Element Count         :                26298.
  FLOP Count                    :           1805228563.
  MOPS                          :           976.703936
  MFLOPS                        :             1.990296
  A. V. Length                  :            75.571429
  V. Op. Ratio (%)              :             0.000007
  Memory Size (MB)              :           192.000000
  MIPS                          :           976.703869
  I-Cache (sec)                 :             0.020518
  O-Cache (sec)                 :             4.367836
  Bank Conflict Time
    CPU Port Conf. (sec)        :             0.000001
    Memory Network Conf. (sec)  :             0.000006
  ADB Hit Element Ratio (%)     :             0.000000

  Start Time (date)    :  Mon Jun 12 19:43:05 GMT 2017
  End   Time (date)    :  Mon Jun 12 19:58:12 GMT 2017
>>>> simple-training-net-c

 ***** NEW CONVOLUTION TYPES *****
 _ref_conv( src        :fmt=memory_format:nchw : memory_desc:primitive_kind:memory,4,data_type:f32,memory_format:nchw,dims=dims:{32,3,67,67}
          , weight/bias:fmt=memory_format:oihw : memory_desc:primitive_kind:memory,4,data_type:f32,memory_format:oihw,dims=dims:{96,3,11,11}
          , dst        :fmt=memory_format:nchw : memory_desc:primitive_kind:memory,4,data_type:f32,memory_format:nchw,dims=dims:{32,96,15,15} )

+relu_fwd_t:
            kind()=primitive_kind:relu
            inputs,outputs.size()=1,1
            conf_.n_inputs(),n_outputs()1,1
            input_pd(0)->kind() primitive_kind:memory
           *           ->desc() memory_desc:primitive_kind:memory,4,data_type:f32,memory_format:nchw,dims=dims:{32,96,15,15}
            output_pd(0)->kind() primitive_kind:memory
           *            ->desc() memory_desc:primitive_kind:memory,4,data_type:f32,memory_format:nchw,dims=dims:{32,96,15,15}

+relu_fwd_t:
            kind()=primitive_kind:relu
            inputs,outputs.size()=1,1
            conf_.n_inputs(),n_outputs()1,1
            input_pd(0)->kind() primitive_kind:memory
           *           ->desc() memory_desc:primitive_kind:memory,4,data_type:f32,memory_format:nchw,dims=dims:{32,96,15,15}
            output_pd(0)->kind() primitive_kind:memory
           *            ->desc() memory_desc:primitive_kind:memory,4,data_type:f32,memory_format:nchw,dims=dims:{32,96,15,15}
 cpu_primitive.hpp input_memory(index=0) :
    this->inputs()[index] =  A  C  primitive_kind:memory@4044fd3c0,inputs[0],outputs[1] M:
             outputs[0]=@4044fd3c0 B ,output_index=0
 cpu_memory_t::const_memory(0) :
               conf_.kind() = primitive_kind:memory
              *conf_.desc() = memory_desc:primitive_kind:memory,4,data_type:f32,memory_format:nchw,dims=dims:{32,3,67,67}
 cpu_primitive.hpp input_memory(index=1) :
    this->inputs()[index] =  A  C  primitive_kind:memory@4044fd7e0,inputs[0],outputs[1] M:
             outputs[0]=@4044fd7e0 B ,output_index=0
 cpu_memory_t::const_memory(0) :
               conf_.kind() = primitive_kind:memory
              *conf_.desc() = memory_desc:primitive_kind:memory,4,data_type:f32,memory_format:oihw,dims=dims:{96,3,11,11}
 cpu_primitive.hpp input_memory(index=2) :
    this->inputs()[index] =  A  C  primitive_kind:memory@4044fdc00,inputs[0],outputs[1] M:
             outputs[0]=@4044fdc00 B ,output_index=0
 cpu_memory_t::const_memory(0) :
               conf_.kind() = primitive_kind:memory
              *conf_.desc() = memory_desc:primitive_kind:memory,1,data_type:f32,memory_format:x,dims=dims:{96}
 cpu_primitive.hpp input_memory(index=0) :
    this->inputs()[index] =  A  C  primitive_kind:memory@4044fde50,inputs[0],outputs[1] M:
             outputs[0]=@4044fde50 B ,output_index=0
 cpu_memory_t::const_memory(0) :
               conf_.kind() = primitive_kind:memory
              *conf_.desc() = memory_desc:primitive_kind:memory,4,data_type:f32,memory_format:nchw,dims=dims:{32,96,15,15}

ref_relu_fwd_t<>::execut_forward_dense() data_d = memory_desc:primitive_kind:memory,4,data_type:f32,memory_format:nchw,dims=dims:{32,96,15,15}
 cpu_primitive.hpp input_memory(index=0) :
    this->inputs()[index] =  A  C  primitive_kind:memory@404c0ea90,inputs[0],outputs[1] M:
             outputs[0]=@404c0ea90 B ,output_index=0
 cpu_memory_t::const_memory(0) :
               conf_.kind() = primitive_kind:memory
              *conf_.desc() = memory_desc:primitive_kind:memory,4,data_type:f32,memory_format:nchw,dims=dims:{32,96,15,15}
 cpu_primitive.hpp input_memory(index=0) :
    this->inputs()[index] =  A  C  primitive_kind:memory@404eb2ad0,inputs[0],outputs[1] M:
             outputs[0]=@404eb2ad0 B ,output_index=0
 cpu_memory_t::const_memory(0) :
               conf_.kind() = primitive_kind:memory
              *conf_.desc() = memory_desc:primitive_kind:memory,4,data_type:f32,memory_format:nchw,dims=dims:{32,96,15,15}
 cpu_primitive.hpp input_memory(index=0) :
    this->inputs()[index] =  A  C  primitive_kind:memory@4051ea2e0,inputs[0],outputs[1] M:
             outputs[0]=@4051ea2e0 B ,output_index=0
 cpu_memory_t::const_memory(0) :
               conf_.kind() = primitive_kind:memory
              *conf_.desc() = memory_desc:primitive_kind:memory,4,data_type:f32,memory_format:nchw,dims=dims:{32,96,7,7}
 cpu_primitive.hpp input_memory(index=1) :
    this->inputs()[index] =  A  C  primitive_kind:memory@4051ea090,inputs[0],outputs[1] M:
             outputs[0]=@4051ea090 B ,output_index=0
 cpu_memory_t::const_memory(0) :
               conf_.kind() = primitive_kind:memory
              *conf_.desc() = memory_desc:primitive_kind:memory,4,data_type:s32,memory_format:nchw,dims=dims:{32,96,7,7}
 cpu_primitive.hpp input_memory(index=0) :
    this->inputs()[index] =  A  C  primitive_kind:memory@404c0ea90,inputs[0],outputs[1] M:
             outputs[0]=@404c0ea90 B ,output_index=0
 cpu_memory_t::const_memory(0) :
               conf_.kind() = primitive_kind:memory
              *conf_.desc() = memory_desc:primitive_kind:memory,4,data_type:f32,memory_format:nchw,dims=dims:{32,96,15,15}
 cpu_primitive.hpp input_memory(index=1) :
    this->inputs()[index] =  A  C  primitive_kind:memory@4051ea530,inputs[0],outputs[1] M:
             outputs[0]=@4051ea530 B ,output_index=0
 cpu_memory_t::const_memory(0) :
               conf_.kind() = primitive_kind:memory
              *conf_.desc() = memory_desc:primitive_kind:memory,4,data_type:f32,memory_format:nchw,dims=dims:{32,96,15,15}
 cpu_primitive.hpp input_memory(index=0) :
    this->inputs()[index] =  A  C  primitive_kind:memory@4044fde50,inputs[0],outputs[1] M:
             outputs[0]=@4044fde50 B ,output_index=0
 cpu_memory_t::const_memory(0) :
               conf_.kind() = primitive_kind:memory
              *conf_.desc() = memory_desc:primitive_kind:memory,4,data_type:f32,memory_format:nchw,dims=dims:{32,96,15,15}

ref_relu_fwd_t<>::execut_forward_dense() data_d = memory_desc:primitive_kind:memory,4,data_type:f32,memory_format:nchw,dims=dims:{32,96,15,15}
 cpu_primitive.hpp input_memory(index=0) :
    this->inputs()[index] =  A  C  primitive_kind:memory@4044fd3c0,inputs[0],outputs[1] M:
             outputs[0]=@4044fd3c0 B ,output_index=0
 cpu_memory_t::const_memory(0) :
               conf_.kind() = primitive_kind:memory
              *conf_.desc() = memory_desc:primitive_kind:memory,4,data_type:f32,memory_format:nchw,dims=dims:{32,3,67,67}
 cpu_primitive.hpp input_memory(index=1) :
    this->inputs()[index] =  A  C  primitive_kind:memory@4055b6050,inputs[0],outputs[1] M:
             outputs[0]=@4055b6050 B ,output_index=0
 cpu_memory_t::const_memory(0) :
               conf_.kind() = primitive_kind:memory
              *conf_.desc() = memory_desc:primitive_kind:memory,4,data_type:f32,memory_format:nchw,dims=dims:{32,96,15,15}
passed

     ******  Program Information  ******
  Real Time (sec)               :           549.203834
  User Time (sec)               :           549.172744
  Sys  Time (sec)               :             0.016766
  Vector Time (sec)             :             0.000091
  Inst. Count                   :         539470234298.
  V. Inst. Count                :                 1540.
  V. Element Count              :               112590.
  V. Load Element Count         :                51911.
  FLOP Count                    :           1234188712.
  MOPS                          :           982.332702
  MFLOPS                        :             2.247360
  A. V. Length                  :            73.110390
  V. Op. Ratio (%)              :             0.000021
  Memory Size (MB)              :           192.000000
  MIPS                          :           982.332500
  I-Cache (sec)                 :             0.004334
  O-Cache (sec)                 :             2.754700
  Bank Conflict Time
    CPU Port Conf. (sec)        :             0.000002
    Memory Network Conf. (sec)  :             0.000012
  ADB Hit Element Ratio (%)     :             0.000000

  Start Time (date)    :  Mon Jun 12 19:58:12 GMT 2017
  End   Time (date)    :  Mon Jun 12 20:07:22 GMT 2017
>>>> simple-training-net-cpp

 ***** NEW CONVOLUTION TYPES *****
 _ref_conv( src        :fmt=memory_format:nchw : memory_desc:primitive_kind:memory,4,data_type:f32,memory_format:nchw,dims=dims:{32,3,227,227}
          , weight/bias:fmt=memory_format:oihw : memory_desc:primitive_kind:memory,4,data_type:f32,memory_format:oihw,dims=dims:{96,3,11,11}
          , dst        :fmt=memory_format:nchw : memory_desc:primitive_kind:memory,4,data_type:f32,memory_format:nchw,dims=dims:{32,96,55,55} )

+relu_fwd_t:
            kind()=primitive_kind:relu
            inputs,outputs.size()=1,1
            conf_.n_inputs(),n_outputs()1,1
            input_pd(0)->kind() primitive_kind:memory
           *           ->desc() memory_desc:primitive_kind:memory,4,data_type:f32,memory_format:nchw,dims=dims:{32,96,55,55}
            output_pd(0)->kind() primitive_kind:memory
           *            ->desc() memory_desc:primitive_kind:memory,4,data_type:f32,memory_format:nchw,dims=dims:{32,96,55,55}
 cpu_primitive.hpp input_memory(index=0) :
    this->inputs()[index] =  A  C  primitive_kind:memory@405e315b0,inputs[0],outputs[1] M:
             outputs[0]=@405e315b0 B ,output_index=0
 cpu_memory_t::const_memory(0) :
               conf_.kind() = primitive_kind:memory
              *conf_.desc() = memory_desc:primitive_kind:memory,4,data_type:f32,memory_format:nchw,dims=dims:{32,3,227,227}
 cpu_primitive.hpp input_memory(index=1) :
    this->inputs()[index] =  A  C  primitive_kind:memory@405e31800,inputs[0],outputs[1] M:
             outputs[0]=@405e31800 B ,output_index=0
 cpu_memory_t::const_memory(0) :
               conf_.kind() = primitive_kind:memory
              *conf_.desc() = memory_desc:primitive_kind:memory,4,data_type:f32,memory_format:oihw,dims=dims:{96,3,11,11}
 cpu_primitive.hpp input_memory(index=2) :
    this->inputs()[index] =  A  C  primitive_kind:memory@405e31a50,inputs[0],outputs[1] M:
             outputs[0]=@405e31a50 B ,output_index=0
 cpu_memory_t::const_memory(0) :
               conf_.kind() = primitive_kind:memory
              *conf_.desc() = memory_desc:primitive_kind:memory,1,data_type:f32,memory_format:x,dims=dims:{96}
 cpu_primitive.hpp input_memory(index=0) :
    this->inputs()[index] =  A  C  primitive_kind:memory@405e31ca0,inputs[0],outputs[1] M:
             outputs[0]=@405e31ca0 B ,output_index=0
 cpu_memory_t::const_memory(0) :
               conf_.kind() = primitive_kind:memory
              *conf_.desc() = memory_desc:primitive_kind:memory,4,data_type:f32,memory_format:nchw,dims=dims:{32,96,55,55}

ref_relu_fwd_t<>::execut_forward_dense() data_d = memory_desc:primitive_kind:memory,4,data_type:f32,memory_format:nchw,dims=dims:{32,96,55,55}
 cpu_primitive.hpp input_memory(index=0) :
    this->inputs()[index] =  A  C  primitive_kind:memory@4081a8ab0,inputs[0],outputs[1] M:
             outputs[0]=@4081a8ab0 B ,output_index=0
 cpu_memory_t::const_memory(0) :
               conf_.kind() = primitive_kind:memory
              *conf_.desc() = memory_desc:primitive_kind:memory,4,data_type:f32,memory_format:nchw,dims=dims:{32,96,55,55}
 cpu_primitive.hpp input_memory(index=0) :
    this->inputs()[index] =  A  C  primitive_kind:memory@4081a8d00,inputs[0],outputs[1] M:
             outputs[0]=@4081a8d00 B ,output_index=0
 cpu_memory_t::const_memory(0) :
               conf_.kind() = primitive_kind:memory
              *conf_.desc() = memory_desc:primitive_kind:memory,4,data_type:f32,memory_format:nchw,dims=dims:{32,96,55,55}
 cpu_primitive.hpp input_memory(index=0) :
    this->inputs()[index] =  A  C  primitive_kind:memory@40ec040b0,inputs[0],outputs[1] M:
             outputs[0]=@40ec040b0 B ,output_index=0
 cpu_memory_t::const_memory(0) :
               conf_.kind() = primitive_kind:memory
              *conf_.desc() = memory_desc:primitive_kind:memory,4,data_type:f32,memory_format:nchw,dims=dims:{32,96,27,27}
 cpu_primitive.hpp input_memory(index=1) :
    this->inputs()[index] =  A  C  primitive_kind:memory@40a51cf90,inputs[0],outputs[1] M:
             outputs[0]=@40a51cf90 B ,output_index=0
 cpu_memory_t::const_memory(0) :
               conf_.kind() = primitive_kind:memory
              *conf_.desc() = memory_desc:primitive_kind:memory,4,data_type:s32,memory_format:nchw,dims=dims:{32,96,27,27}
 cpu_primitive.hpp input_memory(index=0) :
    this->inputs()[index] =  A  C  primitive_kind:memory@4081a8ab0,inputs[0],outputs[1] M:
             outputs[0]=@4081a8ab0 B ,output_index=0
 cpu_memory_t::const_memory(0) :
               conf_.kind() = primitive_kind:memory
              *conf_.desc() = memory_desc:primitive_kind:memory,4,data_type:f32,memory_format:nchw,dims=dims:{32,96,55,55}
 cpu_primitive.hpp input_memory(index=1) :
    this->inputs()[index] =  A  C  primitive_kind:memory@40ec04300,inputs[0],outputs[1] M:
             outputs[0]=@40ec04300 B ,output_index=0
 cpu_memory_t::const_memory(0) :
               conf_.kind() = primitive_kind:memory
              *conf_.desc() = memory_desc:primitive_kind:memory,4,data_type:f32,memory_format:nchw,dims=dims:{32,96,55,55}
 cpu_primitive.hpp input_memory(index=0) :
    this->inputs()[index] =  A  C  primitive_kind:memory@405e31ca0,inputs[0],outputs[1] M:
             outputs[0]=@405e31ca0 B ,output_index=0
 cpu_memory_t::const_memory(0) :
               conf_.kind() = primitive_kind:memory
              *conf_.desc() = memory_desc:primitive_kind:memory,4,data_type:f32,memory_format:nchw,dims=dims:{32,96,55,55}
 cpu_primitive.hpp input_memory(index=1) :
    this->inputs()[index] =  A  C  primitive_kind:memory@40ec04550,inputs[0],outputs[1] M:
             outputs[0]=@40ec04550 B ,output_index=0
 cpu_memory_t::const_memory(0) :
               conf_.kind() = primitive_kind:memory
              *conf_.desc() = memory_desc:primitive_kind:memory,4,data_type:f32,memory_format:nchw,dims=dims:{32,96,55,55}
 cpu_primitive.hpp input_memory(index=0) :
    this->inputs()[index] =  A  C  primitive_kind:memory@405e315b0,inputs[0],outputs[1] M:
             outputs[0]=@405e315b0 B ,output_index=0
 cpu_memory_t::const_memory(0) :
               conf_.kind() = primitive_kind:memory
              *conf_.desc() = memory_desc:primitive_kind:memory,4,data_type:f32,memory_format:nchw,dims=dims:{32,3,227,227}
 cpu_primitive.hpp input_memory(index=1) :
    this->inputs()[index] =  A  C  primitive_kind:memory@40fd1d060,inputs[0],outputs[1] M:
             outputs[0]=@40fd1d060 B ,output_index=0
 cpu_memory_t::const_memory(0) :
               conf_.kind() = primitive_kind:memory
              *conf_.desc() = memory_desc:primitive_kind:memory,4,data_type:f32,memory_format:nchw,dims=dims:{32,96,55,55}
passed

     ******  Program Information  ******
  Real Time (sec)               :          7380.576662
  User Time (sec)               :          7380.366686
  Sys  Time (sec)               :             0.175179
  Vector Time (sec)             :             0.000094
  Inst. Count                   :        7253451485942.
  V. Inst. Count                :                 1616.
  V. Element Count              :               122826.
  V. Load Element Count         :                57029.
  FLOP Count                    :          16743170814.
  MOPS                          :           982.803689
  MFLOPS                        :             2.268610
  A. V. Length                  :            76.006188
  V. Op. Ratio (%)              :             0.000002
  Memory Size (MB)              :           448.000000
  MIPS                          :           982.803673
  I-Cache (sec)                 :             0.022861
  O-Cache (sec)                 :            29.737508
  Bank Conflict Time
    CPU Port Conf. (sec)        :             0.000002
    Memory Network Conf. (sec)  :             0.000010
  ADB Hit Element Ratio (%)     :             0.000000

  Start Time (date)    :  Mon Jun 12 20:07:22 GMT 2017
  End   Time (date)    :  Mon Jun 12 22:10:22 GMT 2017
